{"/app/src/boot/axios.js": {"path":"/app/src/boot/axios.js","statementMap":{"0":{"start":{"line":4,"column":0},"end":{"line":4,"column":28}}},"fnMap":{},"branchMap":{},"s":{"0":0},"f":{},"b":{},"hash":"c93cd8645b91da188a7e7087ebe7298ba362c340"}
,"/app/src/layouts/MainLayout.vue": {"path":"/app/src/layouts/MainLayout.vue","statementMap":{"0":{"start":{"line":51,"column":0},"end":{"line":51,"column":null}}},"fnMap":{"0":{"name":"(anonymous_1)","decl":{"start":{"line":50,"column":0},"end":{"line":50,"column":null}},"loc":{"start":{"line":50,"column":0},"end":{"line":54,"column":null}}}},"branchMap":{},"s":{"0":0},"f":{"0":0},"b":{}}
,"/app/src/modules/auth/pages/Login.vue": {"path":"/app/src/modules/auth/pages/Login.vue","statementMap":{"0":{"start":{"line":79,"column":0},"end":{"line":79,"column":null}},"1":{"start":{"line":83,"column":0},"end":{"line":83,"column":null}},"2":{"start":{"line":90,"column":0},"end":{"line":92,"column":null}},"3":{"start":{"line":91,"column":0},"end":{"line":91,"column":null}},"4":{"start":{"line":97,"column":0},"end":{"line":97,"column":null}},"5":{"start":{"line":103,"column":0},"end":{"line":108,"column":null}},"6":{"start":{"line":104,"column":0},"end":{"line":104,"column":null}},"7":{"start":{"line":105,"column":0},"end":{"line":105,"column":null}},"8":{"start":{"line":111,"column":0},"end":{"line":115,"column":null}},"9":{"start":{"line":112,"column":0},"end":{"line":112,"column":null}},"10":{"start":{"line":114,"column":0},"end":{"line":114,"column":null}},"11":{"start":{"line":122,"column":0},"end":{"line":124,"column":null}},"12":{"start":{"line":123,"column":0},"end":{"line":123,"column":null}}},"fnMap":{"0":{"name":"(anonymous_1)","decl":{"start":{"line":82,"column":0},"end":{"line":82,"column":null}},"loc":{"start":{"line":82,"column":0},"end":{"line":86,"column":null}}},"1":{"name":"(anonymous_2)","decl":{"start":{"line":87,"column":0},"end":{"line":87,"column":null}},"loc":{"start":{"line":87,"column":0},"end":{"line":93,"column":null}}},"2":{"name":"(anonymous_3)","decl":{"start":{"line":97,"column":0},"end":{"line":97,"column":null}},"loc":{"start":{"line":97,"column":0},"end":{"line":97,"column":null}}},"3":{"name":"(anonymous_4)","decl":{"start":{"line":102,"column":0},"end":{"line":102,"column":null}},"loc":{"start":{"line":102,"column":0},"end":{"line":109,"column":null}}},"4":{"name":"(anonymous_5)","decl":{"start":{"line":103,"column":0},"end":{"line":103,"column":null}},"loc":{"start":{"line":103,"column":0},"end":{"line":108,"column":null}}},"5":{"name":"(anonymous_6)","decl":{"start":{"line":110,"column":0},"end":{"line":110,"column":null}},"loc":{"start":{"line":110,"column":0},"end":{"line":116,"column":null}}},"6":{"name":"(anonymous_7)","decl":{"start":{"line":121,"column":0},"end":{"line":121,"column":null}},"loc":{"start":{"line":121,"column":0},"end":{"line":125,"column":null}}}},"branchMap":{"0":{"loc":{"start":{"line":90,"column":0},"end":{"line":92,"column":null}},"type":"if","locations":[{"start":{"line":90,"column":0},"end":{"line":92,"column":null}},{"start":{"line":90,"column":0},"end":{"line":92,"column":null}}]},"1":{"loc":{"start":{"line":105,"column":0},"end":{"line":105,"column":null}},"type":"if","locations":[{"start":{"line":105,"column":0},"end":{"line":105,"column":null}},{"start":{"line":105,"column":0},"end":{"line":105,"column":null}}]},"2":{"loc":{"start":{"line":111,"column":0},"end":{"line":115,"column":null}},"type":"if","locations":[{"start":{"line":111,"column":0},"end":{"line":115,"column":null}},{"start":{"line":111,"column":0},"end":{"line":115,"column":null}}]},"3":{"loc":{"start":{"line":111,"column":0},"end":{"line":111,"column":null}},"type":"binary-expr","locations":[{"start":{"line":111,"column":0},"end":{"line":111,"column":null}},{"start":{"line":111,"column":0},"end":{"line":111,"column":null}}]},"4":{"loc":{"start":{"line":122,"column":0},"end":{"line":124,"column":null}},"type":"if","locations":[{"start":{"line":122,"column":0},"end":{"line":124,"column":null}},{"start":{"line":122,"column":0},"end":{"line":124,"column":null}}]}},"s":{"0":1,"1":1,"2":1,"3":0,"4":1,"5":0,"6":0,"7":0,"8":3,"9":1,"10":2,"11":0,"12":0},"f":{"0":1,"1":1,"2":1,"3":0,"4":0,"5":3,"6":0},"b":{"0":[0,1],"1":[0,0],"2":[1,2],"3":[3,2],"4":[0,0]}}
,"/app/src/modules/auth/vuex/AuthActions.js": {"path":"/app/src/modules/auth/vuex/AuthActions.js","statementMap":{"0":{"start":{"line":3,"column":28},"end":{"line":17,"column":1}},"1":{"start":{"line":4,"column":2},"end":{"line":16,"column":5}},"2":{"start":{"line":5,"column":4},"end":{"line":15,"column":9}},"3":{"start":{"line":8,"column":8},"end":{"line":8,"column":56}},"4":{"start":{"line":9,"column":8},"end":{"line":9,"column":20}},"5":{"start":{"line":12,"column":8},"end":{"line":12,"column":27}},"6":{"start":{"line":13,"column":8},"end":{"line":13,"column":36}},"7":{"start":{"line":14,"column":8},"end":{"line":14,"column":21}},"8":{"start":{"line":18,"column":23},"end":{"line":39,"column":1}},"9":{"start":{"line":19,"column":2},"end":{"line":38,"column":5}},"10":{"start":{"line":20,"column":20},"end":{"line":26,"column":5}},"11":{"start":{"line":27,"column":4},"end":{"line":37,"column":9}},"12":{"start":{"line":30,"column":8},"end":{"line":30,"column":38}},"13":{"start":{"line":31,"column":8},"end":{"line":31,"column":18}},"14":{"start":{"line":34,"column":8},"end":{"line":34,"column":27}},"15":{"start":{"line":35,"column":8},"end":{"line":35,"column":36}},"16":{"start":{"line":36,"column":8},"end":{"line":36,"column":22}},"17":{"start":{"line":40,"column":32},"end":{"line":54,"column":1}},"18":{"start":{"line":41,"column":2},"end":{"line":43,"column":3}},"19":{"start":{"line":42,"column":4},"end":{"line":42,"column":40}},"20":{"start":{"line":44,"column":14},"end":{"line":44,"column":43}},"21":{"start":{"line":45,"column":2},"end":{"line":47,"column":3}},"22":{"start":{"line":46,"column":4},"end":{"line":46,"column":18}},"23":{"start":{"line":48,"column":2},"end":{"line":50,"column":3}},"24":{"start":{"line":49,"column":4},"end":{"line":49,"column":55}},"25":{"start":{"line":51,"column":2},"end":{"line":53,"column":3}},"26":{"start":{"line":52,"column":4},"end":{"line":52,"column":45}},"27":{"start":{"line":55,"column":30},"end":{"line":59,"column":1}},"28":{"start":{"line":56,"column":2},"end":{"line":56,"column":41}},"29":{"start":{"line":57,"column":2},"end":{"line":57,"column":34}},"30":{"start":{"line":58,"column":2},"end":{"line":58,"column":26}},"31":{"start":{"line":60,"column":22},"end":{"line":64,"column":1}},"32":{"start":{"line":61,"column":2},"end":{"line":61,"column":36}},"33":{"start":{"line":62,"column":2},"end":{"line":62,"column":29}},"34":{"start":{"line":63,"column":2},"end":{"line":63,"column":21}}},"fnMap":{"0":{"name":"(anonymous_0)","decl":{"start":{"line":3,"column":28},"end":{"line":3,"column":29}},"loc":{"start":{"line":3,"column":52},"end":{"line":17,"column":1}},"line":3},"1":{"name":"(anonymous_1)","decl":{"start":{"line":4,"column":21},"end":{"line":4,"column":22}},"loc":{"start":{"line":4,"column":33},"end":{"line":16,"column":3}},"line":4},"2":{"name":"(anonymous_2)","decl":{"start":{"line":7,"column":12},"end":{"line":7,"column":13}},"loc":{"start":{"line":7,"column":31},"end":{"line":10,"column":7}},"line":7},"3":{"name":"(anonymous_3)","decl":{"start":{"line":11,"column":13},"end":{"line":11,"column":14}},"loc":{"start":{"line":11,"column":29},"end":{"line":15,"column":7}},"line":11},"4":{"name":"(anonymous_4)","decl":{"start":{"line":18,"column":23},"end":{"line":18,"column":24}},"loc":{"start":{"line":18,"column":46},"end":{"line":39,"column":1}},"line":18},"5":{"name":"(anonymous_5)","decl":{"start":{"line":19,"column":21},"end":{"line":19,"column":22}},"loc":{"start":{"line":19,"column":48},"end":{"line":38,"column":3}},"line":19},"6":{"name":"(anonymous_6)","decl":{"start":{"line":29,"column":12},"end":{"line":29,"column":13}},"loc":{"start":{"line":29,"column":31},"end":{"line":32,"column":7}},"line":29},"7":{"name":"(anonymous_7)","decl":{"start":{"line":33,"column":13},"end":{"line":33,"column":14}},"loc":{"start":{"line":33,"column":29},"end":{"line":37,"column":7}},"line":33},"8":{"name":"(anonymous_8)","decl":{"start":{"line":40,"column":32},"end":{"line":40,"column":33}},"loc":{"start":{"line":40,"column":57},"end":{"line":54,"column":1}},"line":40},"9":{"name":"(anonymous_9)","decl":{"start":{"line":55,"column":30},"end":{"line":55,"column":31}},"loc":{"start":{"line":55,"column":65},"end":{"line":59,"column":1}},"line":55},"10":{"name":"(anonymous_10)","decl":{"start":{"line":60,"column":22},"end":{"line":60,"column":23}},"loc":{"start":{"line":60,"column":38},"end":{"line":64,"column":1}},"line":60}},"branchMap":{"0":{"loc":{"start":{"line":41,"column":2},"end":{"line":43,"column":3}},"type":"if","locations":[{"start":{"line":41,"column":2},"end":{"line":43,"column":3}},{"start":{"line":41,"column":2},"end":{"line":43,"column":3}}],"line":41},"1":{"loc":{"start":{"line":45,"column":2},"end":{"line":47,"column":3}},"type":"if","locations":[{"start":{"line":45,"column":2},"end":{"line":47,"column":3}},{"start":{"line":45,"column":2},"end":{"line":47,"column":3}}],"line":45},"2":{"loc":{"start":{"line":45,"column":6},"end":{"line":45,"column":73}},"type":"binary-expr","locations":[{"start":{"line":45,"column":6},"end":{"line":45,"column":12}},{"start":{"line":45,"column":16},"end":{"line":45,"column":37}},{"start":{"line":45,"column":41},"end":{"line":45,"column":57}},{"start":{"line":45,"column":61},"end":{"line":45,"column":73}}],"line":45},"3":{"loc":{"start":{"line":48,"column":2},"end":{"line":50,"column":3}},"type":"if","locations":[{"start":{"line":48,"column":2},"end":{"line":50,"column":3}},{"start":{"line":48,"column":2},"end":{"line":50,"column":3}}],"line":48},"4":{"loc":{"start":{"line":51,"column":2},"end":{"line":53,"column":3}},"type":"if","locations":[{"start":{"line":51,"column":2},"end":{"line":53,"column":3}},{"start":{"line":51,"column":2},"end":{"line":53,"column":3}}],"line":51},"5":{"loc":{"start":{"line":51,"column":6},"end":{"line":51,"column":72}},"type":"binary-expr","locations":[{"start":{"line":51,"column":6},"end":{"line":51,"column":11}},{"start":{"line":51,"column":15},"end":{"line":51,"column":36}},{"start":{"line":51,"column":40},"end":{"line":51,"column":52}},{"start":{"line":51,"column":56},"end":{"line":51,"column":72}}],"line":51}},"s":{"0":1,"1":0,"2":0,"3":0,"4":0,"5":0,"6":0,"7":0,"8":1,"9":0,"10":0,"11":0,"12":0,"13":0,"14":0,"15":0,"16":0,"17":1,"18":0,"19":0,"20":0,"21":0,"22":0,"23":0,"24":0,"25":0,"26":0,"27":1,"28":0,"29":0,"30":0,"31":1,"32":0,"33":0,"34":0},"f":{"0":0,"1":0,"2":0,"3":0,"4":0,"5":0,"6":0,"7":0,"8":0,"9":0,"10":0},"b":{"0":[0,0],"1":[0,0],"2":[0,0,0,0],"3":[0,0],"4":[0,0],"5":[0,0,0,0]},"_coverageSchema":"43e27e138ebf9cfc5966b082cf9a028302ed4184","hash":"f15796479cfcb6795997da965928682bbc2ca5cc"}
,"/app/src/modules/auth/vuex/AuthGetters.js": {"path":"/app/src/modules/auth/vuex/AuthGetters.js","statementMap":{"0":{"start":{"line":2,"column":24},"end":{"line":6,"column":1}},"1":{"start":{"line":3,"column":18},"end":{"line":3,"column":47}},"2":{"start":{"line":5,"column":4},"end":{"line":5,"column":16}}},"fnMap":{"0":{"name":"(anonymous_0)","decl":{"start":{"line":2,"column":24},"end":{"line":2,"column":25}},"loc":{"start":{"line":2,"column":30},"end":{"line":6,"column":1}},"line":2}},"branchMap":{},"s":{"0":1,"1":0,"2":0},"f":{"0":0},"b":{},"_coverageSchema":"43e27e138ebf9cfc5966b082cf9a028302ed4184","hash":"ae55b91b319d23a5d0e90d575c171feb47aaef46"}
,"/app/src/modules/auth/vuex/AuthMutations.js": {"path":"/app/src/modules/auth/vuex/AuthMutations.js","statementMap":{"0":{"start":{"line":4,"column":8},"end":{"line":4,"column":26}},"1":{"start":{"line":7,"column":8},"end":{"line":7,"column":25}}},"fnMap":{"0":{"name":"(anonymous_0)","decl":{"start":{"line":3,"column":4},"end":{"line":3,"column":5}},"loc":{"start":{"line":3,"column":30},"end":{"line":5,"column":5}},"line":3},"1":{"name":"(anonymous_1)","decl":{"start":{"line":6,"column":4},"end":{"line":6,"column":5}},"loc":{"start":{"line":6,"column":22},"end":{"line":8,"column":5}},"line":6}},"branchMap":{},"s":{"0":0,"1":0},"f":{"0":0,"1":0},"b":{},"_coverageSchema":"43e27e138ebf9cfc5966b082cf9a028302ed4184","hash":"33902af2d2203f32f3e96fadd8210991d48c68b9"}
,"/app/src/modules/auth/vuex/AuthState.js": {"path":"/app/src/modules/auth/vuex/AuthState.js","statementMap":{},"fnMap":{},"branchMap":{},"s":{},"f":{},"b":{},"_coverageSchema":"43e27e138ebf9cfc5966b082cf9a028302ed4184","hash":"c5b7c094f691d0b63360e7c13088efebeeb30054"}
,"/app/src/modules/auth/vuex/index.js": {"path":"/app/src/modules/auth/vuex/index.js","statementMap":{},"fnMap":{},"branchMap":{},"s":{},"f":{},"b":{},"_coverageSchema":"43e27e138ebf9cfc5966b082cf9a028302ed4184","hash":"f480175f35c9aeb62d7c44e60a22915ae9d50bdc"}
,"/app/src/modules/editor/pages/Editor.vue": {"path":"/app/src/modules/editor/pages/Editor.vue","statementMap":{"0":{"start":{"line":24,"column":0},"end":{"line":24,"column":null}},"1":{"start":{"line":25,"column":0},"end":{"line":25,"column":null}},"2":{"start":{"line":26,"column":0},"end":{"line":26,"column":null}},"3":{"start":{"line":27,"column":0},"end":{"line":27,"column":null}},"4":{"start":{"line":28,"column":0},"end":{"line":28,"column":null}},"5":{"start":{"line":33,"column":0},"end":{"line":33,"column":null}},"6":{"start":{"line":55,"column":0},"end":{"line":55,"column":null}},"7":{"start":{"line":62,"column":0},"end":{"line":62,"column":null}},"8":{"start":{"line":63,"column":0},"end":{"line":63,"column":null}},"9":{"start":{"line":64,"column":0},"end":{"line":64,"column":null}},"10":{"start":{"line":65,"column":0},"end":{"line":82,"column":null}},"11":{"start":{"line":75,"column":0},"end":{"line":75,"column":null}},"12":{"start":{"line":76,"column":0},"end":{"line":76,"column":null}},"13":{"start":{"line":77,"column":0},"end":{"line":77,"column":null}},"14":{"start":{"line":78,"column":0},"end":{"line":78,"column":null}},"15":{"start":{"line":81,"column":0},"end":{"line":81,"column":null}}},"fnMap":{"0":{"name":"(anonymous_1)","decl":{"start":{"line":32,"column":0},"end":{"line":32,"column":null}},"loc":{"start":{"line":32,"column":0},"end":{"line":46,"column":null}}},"1":{"name":"(anonymous_2)","decl":{"start":{"line":54,"column":0},"end":{"line":54,"column":null}},"loc":{"start":{"line":54,"column":0},"end":{"line":56,"column":null}}},"2":{"name":"(anonymous_3)","decl":{"start":{"line":57,"column":0},"end":{"line":57,"column":null}},"loc":{"start":{"line":57,"column":0},"end":{"line":83,"column":null}}},"3":{"name":"(anonymous_4)","decl":{"start":{"line":65,"column":0},"end":{"line":65,"column":null}},"loc":{"start":{"line":65,"column":0},"end":{"line":79,"column":null}}},"4":{"name":"(anonymous_5)","decl":{"start":{"line":79,"column":0},"end":{"line":79,"column":null}},"loc":{"start":{"line":79,"column":0},"end":{"line":82,"column":null}}}},"branchMap":{},"s":{"0":0,"1":0,"2":0,"3":0,"4":0,"5":0,"6":0,"7":0,"8":0,"9":0,"10":0,"11":0,"12":0,"13":0,"14":0,"15":0},"f":{"0":0,"1":0,"2":0,"3":0,"4":0},"b":{}}
,"/app/src/modules/financeiro/components/AddEditContas.vue": {"path":"/app/src/modules/financeiro/components/AddEditContas.vue","statementMap":{"0":{"start":{"line":115,"column":0},"end":{"line":115,"column":null}},"1":{"start":{"line":116,"column":0},"end":{"line":116,"column":null}},"2":{"start":{"line":117,"column":0},"end":{"line":117,"column":null}},"3":{"start":{"line":121,"column":0},"end":{"line":121,"column":null}},"4":{"start":{"line":134,"column":0},"end":{"line":134,"column":null}},"5":{"start":{"line":141,"column":0},"end":{"line":141,"column":null}},"6":{"start":{"line":145,"column":0},"end":{"line":145,"column":null}},"7":{"start":{"line":148,"column":0},"end":{"line":148,"column":null}},"8":{"start":{"line":151,"column":0},"end":{"line":151,"column":null}},"9":{"start":{"line":156,"column":0},"end":{"line":181,"column":null}},"10":{"start":{"line":157,"column":0},"end":{"line":157,"column":null}},"11":{"start":{"line":158,"column":0},"end":{"line":158,"column":null}},"12":{"start":{"line":159,"column":0},"end":{"line":159,"column":null}},"13":{"start":{"line":163,"column":0},"end":{"line":163,"column":null}},"14":{"start":{"line":167,"column":0},"end":{"line":171,"column":null}},"15":{"start":{"line":168,"column":0},"end":{"line":168,"column":null}},"16":{"start":{"line":170,"column":0},"end":{"line":170,"column":null}},"17":{"start":{"line":173,"column":0},"end":{"line":173,"column":null}},"18":{"start":{"line":174,"column":0},"end":{"line":174,"column":null}},"19":{"start":{"line":176,"column":0},"end":{"line":176,"column":null}},"20":{"start":{"line":177,"column":0},"end":{"line":177,"column":null}},"21":{"start":{"line":178,"column":0},"end":{"line":178,"column":null}},"22":{"start":{"line":180,"column":0},"end":{"line":180,"column":null}},"23":{"start":{"line":185,"column":0},"end":{"line":189,"column":null}},"24":{"start":{"line":186,"column":0},"end":{"line":186,"column":null}},"25":{"start":{"line":187,"column":0},"end":{"line":187,"column":null}},"26":{"start":{"line":188,"column":0},"end":{"line":188,"column":null}},"27":{"start":{"line":194,"column":0},"end":{"line":194,"column":null}},"28":{"start":{"line":195,"column":0},"end":{"line":195,"column":null}}},"fnMap":{"0":{"name":"(anonymous_1)","decl":{"start":{"line":120,"column":0},"end":{"line":120,"column":null}},"loc":{"start":{"line":120,"column":0},"end":{"line":129,"column":null}}},"1":{"name":"(anonymous_2)","decl":{"start":{"line":133,"column":0},"end":{"line":133,"column":null}},"loc":{"start":{"line":133,"column":0},"end":{"line":135,"column":null}}},"2":{"name":"(anonymous_3)","decl":{"start":{"line":137,"column":0},"end":{"line":137,"column":null}},"loc":{"start":{"line":137,"column":0},"end":{"line":142,"column":null}}},"3":{"name":"(anonymous_4)","decl":{"start":{"line":144,"column":0},"end":{"line":144,"column":null}},"loc":{"start":{"line":144,"column":0},"end":{"line":146,"column":null}}},"4":{"name":"(anonymous_5)","decl":{"start":{"line":147,"column":0},"end":{"line":147,"column":null}},"loc":{"start":{"line":147,"column":0},"end":{"line":149,"column":null}}},"5":{"name":"(anonymous_6)","decl":{"start":{"line":150,"column":0},"end":{"line":150,"column":null}},"loc":{"start":{"line":150,"column":0},"end":{"line":152,"column":null}}},"6":{"name":"(anonymous_7)","decl":{"start":{"line":155,"column":0},"end":{"line":155,"column":null}},"loc":{"start":{"line":155,"column":0},"end":{"line":182,"column":null}}},"7":{"name":"(anonymous_8)","decl":{"start":{"line":184,"column":0},"end":{"line":184,"column":null}},"loc":{"start":{"line":184,"column":0},"end":{"line":190,"column":null}}},"8":{"name":"(anonymous_9)","decl":{"start":{"line":194,"column":0},"end":{"line":194,"column":null}},"loc":{"start":{"line":194,"column":0},"end":{"line":194,"column":null}}},"9":{"name":"(anonymous_10)","decl":{"start":{"line":195,"column":0},"end":{"line":195,"column":null}},"loc":{"start":{"line":195,"column":0},"end":{"line":195,"column":null}}}},"branchMap":{"0":{"loc":{"start":{"line":156,"column":0},"end":{"line":181,"column":null}},"type":"if","locations":[{"start":{"line":156,"column":0},"end":{"line":181,"column":null}},{"start":{"line":156,"column":0},"end":{"line":181,"column":null}}]},"1":{"loc":{"start":{"line":167,"column":0},"end":{"line":171,"column":null}},"type":"if","locations":[{"start":{"line":167,"column":0},"end":{"line":171,"column":null}},{"start":{"line":167,"column":0},"end":{"line":171,"column":null}}]},"2":{"loc":{"start":{"line":185,"column":0},"end":{"line":189,"column":null}},"type":"if","locations":[{"start":{"line":185,"column":0},"end":{"line":189,"column":null}},{"start":{"line":185,"column":0},"end":{"line":189,"column":null}}]},"3":{"loc":{"start":{"line":185,"column":0},"end":{"line":185,"column":null}},"type":"binary-expr","locations":[{"start":{"line":185,"column":0},"end":{"line":185,"column":null}},{"start":{"line":185,"column":0},"end":{"line":185,"column":null}}]}},"s":{"0":0,"1":0,"2":0,"3":0,"4":0,"5":0,"6":0,"7":0,"8":0,"9":0,"10":0,"11":0,"12":0,"13":0,"14":0,"15":0,"16":0,"17":0,"18":0,"19":0,"20":0,"21":0,"22":0,"23":0,"24":0,"25":0,"26":0,"27":0,"28":0},"f":{"0":0,"1":0,"2":0,"3":0,"4":0,"5":0,"6":0,"7":0,"8":0,"9":0},"b":{"0":[0,0],"1":[0,0],"2":[0,0],"3":[0,0]}}
,"/app/src/modules/financeiro/components/CategoriaContasAPagar.vue": {"path":"/app/src/modules/financeiro/components/CategoriaContasAPagar.vue","statementMap":{"0":{"start":{"line":44,"column":0},"end":{"line":44,"column":null}},"1":{"start":{"line":48,"column":0},"end":{"line":48,"column":null}},"2":{"start":{"line":55,"column":0},"end":{"line":55,"column":null}},"3":{"start":{"line":57,"column":0},"end":{"line":57,"column":null}},"4":{"start":{"line":59,"column":0},"end":{"line":59,"column":null}},"5":{"start":{"line":64,"column":0},"end":{"line":64,"column":null}},"6":{"start":{"line":71,"column":0},"end":{"line":71,"column":null}},"7":{"start":{"line":80,"column":0},"end":{"line":80,"column":null}},"8":{"start":{"line":84,"column":0},"end":{"line":86,"column":null}},"9":{"start":{"line":85,"column":0},"end":{"line":85,"column":null}},"10":{"start":{"line":94,"column":0},"end":{"line":99,"column":null}},"11":{"start":{"line":95,"column":0},"end":{"line":95,"column":null}},"12":{"start":{"line":97,"column":0},"end":{"line":97,"column":null}},"13":{"start":{"line":98,"column":0},"end":{"line":98,"column":null}}},"fnMap":{"0":{"name":"(anonymous_1)","decl":{"start":{"line":47,"column":0},"end":{"line":47,"column":null}},"loc":{"start":{"line":47,"column":0},"end":{"line":52,"column":null}}},"1":{"name":"(anonymous_2)","decl":{"start":{"line":55,"column":0},"end":{"line":55,"column":null}},"loc":{"start":{"line":55,"column":0},"end":{"line":55,"column":null}}},"2":{"name":"(anonymous_3)","decl":{"start":{"line":57,"column":0},"end":{"line":57,"column":null}},"loc":{"start":{"line":57,"column":0},"end":{"line":57,"column":null}}},"3":{"name":"(anonymous_4)","decl":{"start":{"line":59,"column":0},"end":{"line":59,"column":null}},"loc":{"start":{"line":59,"column":0},"end":{"line":59,"column":null}}},"4":{"name":"(anonymous_5)","decl":{"start":{"line":63,"column":0},"end":{"line":63,"column":null}},"loc":{"start":{"line":63,"column":0},"end":{"line":65,"column":null}}},"5":{"name":"(anonymous_6)","decl":{"start":{"line":70,"column":0},"end":{"line":70,"column":null}},"loc":{"start":{"line":70,"column":0},"end":{"line":72,"column":null}}},"6":{"name":"(anonymous_7)","decl":{"start":{"line":77,"column":0},"end":{"line":77,"column":null}},"loc":{"start":{"line":77,"column":0},"end":{"line":77,"column":null}}},"7":{"name":"(anonymous_8)","decl":{"start":{"line":79,"column":0},"end":{"line":79,"column":null}},"loc":{"start":{"line":79,"column":0},"end":{"line":81,"column":null}}},"8":{"name":"(anonymous_9)","decl":{"start":{"line":83,"column":0},"end":{"line":83,"column":null}},"loc":{"start":{"line":83,"column":0},"end":{"line":87,"column":null}}},"9":{"name":"(anonymous_10)","decl":{"start":{"line":93,"column":0},"end":{"line":93,"column":null}},"loc":{"start":{"line":93,"column":0},"end":{"line":100,"column":null}}}},"branchMap":{"0":{"loc":{"start":{"line":84,"column":0},"end":{"line":86,"column":null}},"type":"if","locations":[{"start":{"line":84,"column":0},"end":{"line":86,"column":null}},{"start":{"line":84,"column":0},"end":{"line":86,"column":null}}]},"1":{"loc":{"start":{"line":94,"column":0},"end":{"line":99,"column":null}},"type":"if","locations":[{"start":{"line":94,"column":0},"end":{"line":99,"column":null}},{"start":{"line":94,"column":0},"end":{"line":99,"column":null}}]}},"s":{"0":0,"1":0,"2":0,"3":0,"4":0,"5":0,"6":0,"7":0,"8":0,"9":0,"10":0,"11":0,"12":0,"13":0},"f":{"0":0,"1":0,"2":0,"3":0,"4":0,"5":0,"6":0,"7":0,"8":0,"9":0},"b":{"0":[0,0],"1":[0,0]}}
,"/app/src/modules/financeiro/components/FeedbackFinanceiro.vue": {"path":"/app/src/modules/financeiro/components/FeedbackFinanceiro.vue","statementMap":{"0":{"start":{"line":54,"column":0},"end":{"line":54,"column":null}},"1":{"start":{"line":59,"column":0},"end":{"line":59,"column":null}},"2":{"start":{"line":66,"column":0},"end":{"line":71,"column":null}},"3":{"start":{"line":67,"column":0},"end":{"line":67,"column":null}},"4":{"start":{"line":69,"column":0},"end":{"line":69,"column":null}},"5":{"start":{"line":70,"column":0},"end":{"line":70,"column":null}}},"fnMap":{"0":{"name":"(anonymous_1)","decl":{"start":{"line":59,"column":0},"end":{"line":59,"column":null}},"loc":{"start":{"line":59,"column":0},"end":{"line":59,"column":null}}},"1":{"name":"(anonymous_2)","decl":{"start":{"line":64,"column":0},"end":{"line":64,"column":null}},"loc":{"start":{"line":64,"column":0},"end":{"line":72,"column":null}}}},"branchMap":{"0":{"loc":{"start":{"line":66,"column":0},"end":{"line":71,"column":null}},"type":"if","locations":[{"start":{"line":66,"column":0},"end":{"line":71,"column":null}},{"start":{"line":66,"column":0},"end":{"line":71,"column":null}}]}},"s":{"0":0,"1":0,"2":0,"3":0,"4":0,"5":0},"f":{"0":0,"1":0},"b":{"0":[0,0]}}
,"/app/src/modules/financeiro/components/calendario/Calendario.vue": {"path":"/app/src/modules/financeiro/components/calendario/Calendario.vue","statementMap":{"0":{"start":{"line":42,"column":0},"end":{"line":42,"column":null}},"1":{"start":{"line":43,"column":0},"end":{"line":43,"column":null}},"2":{"start":{"line":44,"column":0},"end":{"line":44,"column":null}},"3":{"start":{"line":45,"column":0},"end":{"line":45,"column":null}},"4":{"start":{"line":46,"column":0},"end":{"line":46,"column":null}},"5":{"start":{"line":48,"column":0},"end":{"line":48,"column":null}},"6":{"start":{"line":90,"column":0},"end":{"line":90,"column":null}},"7":{"start":{"line":95,"column":0},"end":{"line":95,"column":null}},"8":{"start":{"line":96,"column":0},"end":{"line":96,"column":null}},"9":{"start":{"line":98,"column":0},"end":{"line":98,"column":null}},"10":{"start":{"line":108,"column":0},"end":{"line":108,"column":null}},"11":{"start":{"line":110,"column":0},"end":{"line":116,"column":null}},"12":{"start":{"line":111,"column":0},"end":{"line":111,"column":null}},"13":{"start":{"line":112,"column":0},"end":{"line":112,"column":null}},"14":{"start":{"line":113,"column":0},"end":{"line":116,"column":null}},"15":{"start":{"line":114,"column":0},"end":{"line":114,"column":null}},"16":{"start":{"line":115,"column":0},"end":{"line":115,"column":null}},"17":{"start":{"line":117,"column":0},"end":{"line":117,"column":null}},"18":{"start":{"line":118,"column":0},"end":{"line":118,"column":null}},"19":{"start":{"line":119,"column":0},"end":{"line":119,"column":null}},"20":{"start":{"line":126,"column":0},"end":{"line":126,"column":null}},"21":{"start":{"line":131,"column":0},"end":{"line":131,"column":null}},"22":{"start":{"line":136,"column":0},"end":{"line":136,"column":null}}},"fnMap":{"0":{"name":"dateJstoUs","decl":{"start":{"line":89,"column":0},"end":{"line":89,"column":null}},"loc":{"start":{"line":89,"column":0},"end":{"line":99,"column":null}}},"1":{"name":"(anonymous_2)","decl":{"start":{"line":105,"column":0},"end":{"line":105,"column":null}},"loc":{"start":{"line":105,"column":0},"end":{"line":120,"column":null}}},"2":{"name":"(anonymous_3)","decl":{"start":{"line":125,"column":0},"end":{"line":125,"column":null}},"loc":{"start":{"line":125,"column":0},"end":{"line":129,"column":null}}},"3":{"name":"(anonymous_4)","decl":{"start":{"line":130,"column":0},"end":{"line":130,"column":null}},"loc":{"start":{"line":130,"column":0},"end":{"line":133,"column":null}}},"4":{"name":"(anonymous_5)","decl":{"start":{"line":135,"column":0},"end":{"line":135,"column":null}},"loc":{"start":{"line":135,"column":0},"end":{"line":137,"column":null}}}},"branchMap":{"0":{"loc":{"start":{"line":95,"column":0},"end":{"line":95,"column":null}},"type":"if","locations":[{"start":{"line":95,"column":0},"end":{"line":95,"column":null}},{"start":{"line":95,"column":0},"end":{"line":95,"column":null}}]},"1":{"loc":{"start":{"line":96,"column":0},"end":{"line":96,"column":null}},"type":"if","locations":[{"start":{"line":96,"column":0},"end":{"line":96,"column":null}},{"start":{"line":96,"column":0},"end":{"line":96,"column":null}}]},"2":{"loc":{"start":{"line":110,"column":0},"end":{"line":116,"column":null}},"type":"if","locations":[{"start":{"line":110,"column":0},"end":{"line":116,"column":null}},{"start":{"line":110,"column":0},"end":{"line":116,"column":null}}]},"3":{"loc":{"start":{"line":113,"column":0},"end":{"line":116,"column":null}},"type":"if","locations":[{"start":{"line":113,"column":0},"end":{"line":116,"column":null}},{"start":{"line":113,"column":0},"end":{"line":116,"column":null}}]}},"s":{"0":0,"1":0,"2":0,"3":0,"4":0,"5":0,"6":0,"7":0,"8":0,"9":0,"10":0,"11":0,"12":0,"13":0,"14":0,"15":0,"16":0,"17":0,"18":0,"19":0,"20":0,"21":0,"22":0},"f":{"0":0,"1":0,"2":0,"3":0,"4":0},"b":{"0":[0,0],"1":[0,0],"2":[0,0],"3":[0,0]}}
,"/app/src/modules/financeiro/components/calendario/VueTailwindPicker.vue": {"path":"/app/src/modules/financeiro/components/calendario/VueTailwindPicker.vue","statementMap":{"0":{"start":{"line":360,"column":0},"end":{"line":360,"column":null}},"1":{"start":{"line":361,"column":0},"end":{"line":361,"column":null}},"2":{"start":{"line":362,"column":0},"end":{"line":362,"column":null}},"3":{"start":{"line":363,"column":0},"end":{"line":363,"column":null}},"4":{"start":{"line":364,"column":0},"end":{"line":364,"column":null}},"5":{"start":{"line":365,"column":0},"end":{"line":365,"column":null}},"6":{"start":{"line":366,"column":0},"end":{"line":366,"column":null}},"7":{"start":{"line":367,"column":0},"end":{"line":367,"column":null}},"8":{"start":{"line":368,"column":0},"end":{"line":368,"column":null}},"9":{"start":{"line":369,"column":0},"end":{"line":369,"column":null}},"10":{"start":{"line":370,"column":0},"end":{"line":370,"column":null}},"11":{"start":{"line":371,"column":0},"end":{"line":371,"column":null}},"12":{"start":{"line":372,"column":0},"end":{"line":372,"column":null}},"13":{"start":{"line":373,"column":0},"end":{"line":373,"column":null}},"14":{"start":{"line":374,"column":0},"end":{"line":374,"column":null}},"15":{"start":{"line":389,"column":0},"end":{"line":422,"column":null}},"16":{"start":{"line":390,"column":0},"end":{"line":390,"column":null}},"17":{"start":{"line":393,"column":0},"end":{"line":393,"column":null}},"18":{"start":{"line":395,"column":0},"end":{"line":395,"column":null}},"19":{"start":{"line":396,"column":0},"end":{"line":410,"column":null}},"20":{"start":{"line":397,"column":0},"end":{"line":409,"column":null}},"21":{"start":{"line":400,"column":0},"end":{"line":408,"column":null}},"22":{"start":{"line":402,"column":0},"end":{"line":402,"column":null}},"23":{"start":{"line":405,"column":0},"end":{"line":405,"column":null}},"24":{"start":{"line":413,"column":0},"end":{"line":415,"column":null}},"25":{"start":{"line":414,"column":0},"end":{"line":414,"column":null}},"26":{"start":{"line":416,"column":0},"end":{"line":421,"column":null}},"27":{"start":{"line":420,"column":0},"end":{"line":420,"column":null}},"28":{"start":{"line":424,"column":0},"end":{"line":424,"column":null}},"29":{"start":{"line":425,"column":0},"end":{"line":425,"column":null}},"30":{"start":{"line":430,"column":0},"end":{"line":430,"column":null}},"31":{"start":{"line":431,"column":0},"end":{"line":431,"column":null}},"32":{"start":{"line":459,"column":0},"end":{"line":459,"column":null}},"33":{"start":{"line":464,"column":0},"end":{"line":464,"column":null}},"34":{"start":{"line":508,"column":0},"end":{"line":508,"column":null}},"35":{"start":{"line":536,"column":0},"end":{"line":536,"column":null}},"36":{"start":{"line":542,"column":0},"end":{"line":542,"column":null}},"37":{"start":{"line":545,"column":0},"end":{"line":545,"column":null}},"38":{"start":{"line":549,"column":0},"end":{"line":551,"column":null}},"39":{"start":{"line":550,"column":0},"end":{"line":550,"column":null}},"40":{"start":{"line":552,"column":0},"end":{"line":560,"column":null}},"41":{"start":{"line":559,"column":0},"end":{"line":559,"column":null}},"42":{"start":{"line":562,"column":0},"end":{"line":562,"column":null}},"43":{"start":{"line":563,"column":0},"end":{"line":563,"column":null}},"44":{"start":{"line":564,"column":0},"end":{"line":564,"column":null}},"45":{"start":{"line":565,"column":0},"end":{"line":565,"column":null}},"46":{"start":{"line":578,"column":0},"end":{"line":578,"column":null}},"47":{"start":{"line":579,"column":0},"end":{"line":583,"column":null}},"48":{"start":{"line":580,"column":0},"end":{"line":580,"column":null}},"49":{"start":{"line":586,"column":0},"end":{"line":586,"column":null}},"50":{"start":{"line":587,"column":0},"end":{"line":587,"column":null}},"51":{"start":{"line":588,"column":0},"end":{"line":588,"column":null}},"52":{"start":{"line":589,"column":0},"end":{"line":589,"column":null}},"53":{"start":{"line":590,"column":0},"end":{"line":592,"column":null}},"54":{"start":{"line":590,"column":0},"end":{"line":590,"column":null}},"55":{"start":{"line":591,"column":0},"end":{"line":591,"column":null}},"56":{"start":{"line":593,"column":0},"end":{"line":593,"column":null}},"57":{"start":{"line":596,"column":0},"end":{"line":596,"column":null}},"58":{"start":{"line":597,"column":0},"end":{"line":597,"column":null}},"59":{"start":{"line":598,"column":0},"end":{"line":606,"column":null}},"60":{"start":{"line":601,"column":0},"end":{"line":601,"column":null}},"61":{"start":{"line":602,"column":0},"end":{"line":604,"column":null}},"62":{"start":{"line":603,"column":0},"end":{"line":603,"column":null}},"63":{"start":{"line":605,"column":0},"end":{"line":605,"column":null}},"64":{"start":{"line":610,"column":0},"end":{"line":610,"column":null}},"65":{"start":{"line":611,"column":0},"end":{"line":611,"column":null}},"66":{"start":{"line":612,"column":0},"end":{"line":612,"column":null}},"67":{"start":{"line":613,"column":0},"end":{"line":613,"column":null}},"68":{"start":{"line":614,"column":0},"end":{"line":616,"column":null}},"69":{"start":{"line":614,"column":0},"end":{"line":614,"column":null}},"70":{"start":{"line":615,"column":0},"end":{"line":615,"column":null}},"71":{"start":{"line":617,"column":0},"end":{"line":617,"column":null}},"72":{"start":{"line":620,"column":0},"end":{"line":620,"column":null}},"73":{"start":{"line":623,"column":0},"end":{"line":623,"column":null}},"74":{"start":{"line":626,"column":0},"end":{"line":630,"column":null}},"75":{"start":{"line":627,"column":0},"end":{"line":627,"column":null}},"76":{"start":{"line":628,"column":0},"end":{"line":628,"column":null}},"77":{"start":{"line":629,"column":0},"end":{"line":629,"column":null}},"78":{"start":{"line":631,"column":0},"end":{"line":631,"column":null}},"79":{"start":{"line":634,"column":0},"end":{"line":637,"column":null}},"80":{"start":{"line":635,"column":0},"end":{"line":635,"column":null}},"81":{"start":{"line":636,"column":0},"end":{"line":636,"column":null}},"82":{"start":{"line":638,"column":0},"end":{"line":638,"column":null}},"83":{"start":{"line":643,"column":0},"end":{"line":646,"column":null}},"84":{"start":{"line":644,"column":0},"end":{"line":644,"column":null}},"85":{"start":{"line":645,"column":0},"end":{"line":645,"column":null}},"86":{"start":{"line":650,"column":0},"end":{"line":650,"column":null}},"87":{"start":{"line":655,"column":0},"end":{"line":655,"column":null}},"88":{"start":{"line":658,"column":0},"end":{"line":658,"column":null}},"89":{"start":{"line":659,"column":0},"end":{"line":659,"column":null}},"90":{"start":{"line":660,"column":0},"end":{"line":660,"column":null}},"91":{"start":{"line":663,"column":0},"end":{"line":673,"column":null}},"92":{"start":{"line":664,"column":0},"end":{"line":664,"column":null}},"93":{"start":{"line":667,"column":0},"end":{"line":671,"column":null}},"94":{"start":{"line":668,"column":0},"end":{"line":668,"column":null}},"95":{"start":{"line":670,"column":0},"end":{"line":670,"column":null}},"96":{"start":{"line":672,"column":0},"end":{"line":672,"column":null}},"97":{"start":{"line":676,"column":0},"end":{"line":689,"column":null}},"98":{"start":{"line":677,"column":0},"end":{"line":677,"column":null}},"99":{"start":{"line":683,"column":0},"end":{"line":687,"column":null}},"100":{"start":{"line":684,"column":0},"end":{"line":684,"column":null}},"101":{"start":{"line":686,"column":0},"end":{"line":686,"column":null}},"102":{"start":{"line":688,"column":0},"end":{"line":688,"column":null}},"103":{"start":{"line":692,"column":0},"end":{"line":692,"column":null}},"104":{"start":{"line":697,"column":0},"end":{"line":701,"column":null}},"105":{"start":{"line":698,"column":0},"end":{"line":698,"column":null}},"106":{"start":{"line":702,"column":0},"end":{"line":702,"column":null}},"107":{"start":{"line":705,"column":0},"end":{"line":707,"column":null}},"108":{"start":{"line":706,"column":0},"end":{"line":706,"column":null}},"109":{"start":{"line":708,"column":0},"end":{"line":708,"column":null}},"110":{"start":{"line":711,"column":0},"end":{"line":711,"column":null}},"111":{"start":{"line":714,"column":0},"end":{"line":714,"column":null}},"112":{"start":{"line":715,"column":0},"end":{"line":717,"column":null}},"113":{"start":{"line":716,"column":0},"end":{"line":716,"column":null}},"114":{"start":{"line":720,"column":0},"end":{"line":720,"column":null}},"115":{"start":{"line":721,"column":0},"end":{"line":723,"column":null}},"116":{"start":{"line":722,"column":0},"end":{"line":722,"column":null}},"117":{"start":{"line":726,"column":0},"end":{"line":730,"column":null}},"118":{"start":{"line":727,"column":0},"end":{"line":727,"column":null}},"119":{"start":{"line":729,"column":0},"end":{"line":729,"column":null}},"120":{"start":{"line":731,"column":0},"end":{"line":731,"column":null}},"121":{"start":{"line":732,"column":0},"end":{"line":732,"column":null}},"122":{"start":{"line":735,"column":0},"end":{"line":739,"column":null}},"123":{"start":{"line":736,"column":0},"end":{"line":736,"column":null}},"124":{"start":{"line":738,"column":0},"end":{"line":738,"column":null}},"125":{"start":{"line":740,"column":0},"end":{"line":740,"column":null}},"126":{"start":{"line":741,"column":0},"end":{"line":741,"column":null}},"127":{"start":{"line":744,"column":0},"end":{"line":744,"column":null}},"128":{"start":{"line":747,"column":0},"end":{"line":747,"column":null}}},"fnMap":{"0":{"name":"(anonymous_1)","decl":{"start":{"line":386,"column":0},"end":{"line":386,"column":null}},"loc":{"start":{"line":386,"column":0},"end":{"line":426,"column":null}}},"1":{"name":"(anonymous_2)","decl":{"start":{"line":389,"column":0},"end":{"line":389,"column":null}},"loc":{"start":{"line":389,"column":0},"end":{"line":422,"column":null}}},"2":{"name":"(anonymous_3)","decl":{"start":{"line":397,"column":0},"end":{"line":397,"column":null}},"loc":{"start":{"line":397,"column":0},"end":{"line":409,"column":null}}},"3":{"name":"(anonymous_4)","decl":{"start":{"line":427,"column":0},"end":{"line":427,"column":null}},"loc":{"start":{"line":427,"column":0},"end":{"line":432,"column":null}}},"4":{"name":"(anonymous_5)","decl":{"start":{"line":459,"column":0},"end":{"line":459,"column":null}},"loc":{"start":{"line":459,"column":0},"end":{"line":459,"column":null}}},"5":{"name":"(anonymous_6)","decl":{"start":{"line":464,"column":0},"end":{"line":464,"column":null}},"loc":{"start":{"line":464,"column":0},"end":{"line":464,"column":null}}},"6":{"name":"(anonymous_7)","decl":{"start":{"line":508,"column":0},"end":{"line":508,"column":null}},"loc":{"start":{"line":508,"column":0},"end":{"line":508,"column":null}}},"7":{"name":"(anonymous_8)","decl":{"start":{"line":535,"column":0},"end":{"line":535,"column":null}},"loc":{"start":{"line":535,"column":0},"end":{"line":575,"column":null}}},"8":{"name":"(anonymous_9)","decl":{"start":{"line":549,"column":0},"end":{"line":549,"column":null}},"loc":{"start":{"line":549,"column":0},"end":{"line":551,"column":null}}},"9":{"name":"(anonymous_10)","decl":{"start":{"line":552,"column":0},"end":{"line":552,"column":null}},"loc":{"start":{"line":552,"column":0},"end":{"line":560,"column":null}}},"10":{"name":"(anonymous_11)","decl":{"start":{"line":577,"column":0},"end":{"line":577,"column":null}},"loc":{"start":{"line":577,"column":0},"end":{"line":584,"column":null}}},"11":{"name":"(anonymous_12)","decl":{"start":{"line":579,"column":0},"end":{"line":579,"column":null}},"loc":{"start":{"line":579,"column":0},"end":{"line":583,"column":null}}},"12":{"name":"(anonymous_13)","decl":{"start":{"line":585,"column":0},"end":{"line":585,"column":null}},"loc":{"start":{"line":585,"column":0},"end":{"line":594,"column":null}}},"13":{"name":"(anonymous_14)","decl":{"start":{"line":593,"column":0},"end":{"line":593,"column":null}},"loc":{"start":{"line":593,"column":0},"end":{"line":593,"column":null}}},"14":{"name":"(anonymous_15)","decl":{"start":{"line":595,"column":0},"end":{"line":595,"column":null}},"loc":{"start":{"line":595,"column":0},"end":{"line":608,"column":null}}},"15":{"name":"(anonymous_16)","decl":{"start":{"line":598,"column":0},"end":{"line":598,"column":null}},"loc":{"start":{"line":598,"column":0},"end":{"line":606,"column":null}}},"16":{"name":"(anonymous_17)","decl":{"start":{"line":602,"column":0},"end":{"line":602,"column":null}},"loc":{"start":{"line":602,"column":0},"end":{"line":604,"column":null}}},"17":{"name":"(anonymous_18)","decl":{"start":{"line":609,"column":0},"end":{"line":609,"column":null}},"loc":{"start":{"line":609,"column":0},"end":{"line":618,"column":null}}},"18":{"name":"(anonymous_19)","decl":{"start":{"line":619,"column":0},"end":{"line":619,"column":null}},"loc":{"start":{"line":619,"column":0},"end":{"line":621,"column":null}}},"19":{"name":"(anonymous_20)","decl":{"start":{"line":622,"column":0},"end":{"line":622,"column":null}},"loc":{"start":{"line":622,"column":0},"end":{"line":624,"column":null}}},"20":{"name":"(anonymous_21)","decl":{"start":{"line":625,"column":0},"end":{"line":625,"column":null}},"loc":{"start":{"line":625,"column":0},"end":{"line":632,"column":null}}},"21":{"name":"(anonymous_22)","decl":{"start":{"line":633,"column":0},"end":{"line":633,"column":null}},"loc":{"start":{"line":633,"column":0},"end":{"line":639,"column":null}}},"22":{"name":"(anonymous_23)","decl":{"start":{"line":642,"column":0},"end":{"line":642,"column":null}},"loc":{"start":{"line":642,"column":0},"end":{"line":647,"column":null}}},"23":{"name":"(anonymous_24)","decl":{"start":{"line":649,"column":0},"end":{"line":649,"column":null}},"loc":{"start":{"line":649,"column":0},"end":{"line":651,"column":null}}},"24":{"name":"(anonymous_25)","decl":{"start":{"line":654,"column":0},"end":{"line":654,"column":null}},"loc":{"start":{"line":654,"column":0},"end":{"line":656,"column":null}}},"25":{"name":"(anonymous_26)","decl":{"start":{"line":657,"column":0},"end":{"line":657,"column":null}},"loc":{"start":{"line":657,"column":0},"end":{"line":661,"column":null}}},"26":{"name":"(anonymous_27)","decl":{"start":{"line":662,"column":0},"end":{"line":662,"column":null}},"loc":{"start":{"line":662,"column":0},"end":{"line":674,"column":null}}},"27":{"name":"(anonymous_28)","decl":{"start":{"line":675,"column":0},"end":{"line":675,"column":null}},"loc":{"start":{"line":675,"column":0},"end":{"line":690,"column":null}}},"28":{"name":"(anonymous_29)","decl":{"start":{"line":691,"column":0},"end":{"line":691,"column":null}},"loc":{"start":{"line":691,"column":0},"end":{"line":695,"column":null}}},"29":{"name":"(anonymous_30)","decl":{"start":{"line":696,"column":0},"end":{"line":696,"column":null}},"loc":{"start":{"line":696,"column":0},"end":{"line":703,"column":null}}},"30":{"name":"(anonymous_31)","decl":{"start":{"line":704,"column":0},"end":{"line":704,"column":null}},"loc":{"start":{"line":704,"column":0},"end":{"line":709,"column":null}}},"31":{"name":"(anonymous_32)","decl":{"start":{"line":710,"column":0},"end":{"line":710,"column":null}},"loc":{"start":{"line":710,"column":0},"end":{"line":712,"column":null}}},"32":{"name":"(anonymous_33)","decl":{"start":{"line":713,"column":0},"end":{"line":713,"column":null}},"loc":{"start":{"line":713,"column":0},"end":{"line":718,"column":null}}},"33":{"name":"(anonymous_34)","decl":{"start":{"line":719,"column":0},"end":{"line":719,"column":null}},"loc":{"start":{"line":719,"column":0},"end":{"line":724,"column":null}}},"34":{"name":"(anonymous_35)","decl":{"start":{"line":725,"column":0},"end":{"line":725,"column":null}},"loc":{"start":{"line":725,"column":0},"end":{"line":733,"column":null}}},"35":{"name":"(anonymous_36)","decl":{"start":{"line":734,"column":0},"end":{"line":734,"column":null}},"loc":{"start":{"line":734,"column":0},"end":{"line":742,"column":null}}},"36":{"name":"(anonymous_37)","decl":{"start":{"line":743,"column":0},"end":{"line":743,"column":null}},"loc":{"start":{"line":743,"column":0},"end":{"line":745,"column":null}}},"37":{"name":"(anonymous_38)","decl":{"start":{"line":746,"column":0},"end":{"line":746,"column":null}},"loc":{"start":{"line":746,"column":0},"end":{"line":748,"column":null}}}},"branchMap":{"0":{"loc":{"start":{"line":396,"column":0},"end":{"line":410,"column":null}},"type":"if","locations":[{"start":{"line":396,"column":0},"end":{"line":410,"column":null}},{"start":{"line":396,"column":0},"end":{"line":410,"column":null}}]},"1":{"loc":{"start":{"line":400,"column":0},"end":{"line":408,"column":null}},"type":"if","locations":[{"start":{"line":400,"column":0},"end":{"line":408,"column":null}},{"start":{"line":400,"column":0},"end":{"line":408,"column":null}}]},"2":{"loc":{"start":{"line":405,"column":0},"end":{"line":405,"column":null}},"type":"cond-expr","locations":[{"start":{"line":405,"column":0},"end":{"line":405,"column":null}},{"start":{"line":405,"column":0},"end":{"line":405,"column":null}}]},"3":{"loc":{"start":{"line":413,"column":0},"end":{"line":415,"column":null}},"type":"if","locations":[{"start":{"line":413,"column":0},"end":{"line":415,"column":null}},{"start":{"line":413,"column":0},"end":{"line":415,"column":null}}]},"4":{"loc":{"start":{"line":413,"column":0},"end":{"line":413,"column":null}},"type":"binary-expr","locations":[{"start":{"line":413,"column":0},"end":{"line":413,"column":null}},{"start":{"line":413,"column":0},"end":{"line":413,"column":null}}]},"5":{"loc":{"start":{"line":416,"column":0},"end":{"line":421,"column":null}},"type":"if","locations":[{"start":{"line":416,"column":0},"end":{"line":421,"column":null}},{"start":{"line":416,"column":0},"end":{"line":421,"column":null}}]},"6":{"loc":{"start":{"line":416,"column":0},"end":{"line":416,"column":null}},"type":"binary-expr","locations":[{"start":{"line":416,"column":0},"end":{"line":416,"column":null}},{"start":{"line":416,"column":0},"end":{"line":416,"column":null}}]},"7":{"loc":{"start":{"line":542,"column":0},"end":{"line":542,"column":null}},"type":"cond-expr","locations":[{"start":{"line":542,"column":0},"end":{"line":542,"column":null}},{"start":{"line":542,"column":0},"end":{"line":542,"column":null}}]},"8":{"loc":{"start":{"line":545,"column":0},"end":{"line":545,"column":null}},"type":"cond-expr","locations":[{"start":{"line":545,"column":0},"end":{"line":545,"column":null}},{"start":{"line":545,"column":0},"end":{"line":545,"column":null}}]},"9":{"loc":{"start":{"line":552,"column":0},"end":{"line":552,"column":null}},"type":"cond-expr","locations":[{"start":{"line":552,"column":0},"end":{"line":552,"column":null}},{"start":{"line":552,"column":0},"end":{"line":552,"column":null}}]},"10":{"loc":{"start":{"line":578,"column":0},"end":{"line":578,"column":null}},"type":"cond-expr","locations":[{"start":{"line":578,"column":0},"end":{"line":578,"column":null}},{"start":{"line":578,"column":0},"end":{"line":578,"column":null}}]},"11":{"loc":{"start":{"line":586,"column":0},"end":{"line":586,"column":null}},"type":"cond-expr","locations":[{"start":{"line":586,"column":0},"end":{"line":586,"column":null}},{"start":{"line":586,"column":0},"end":{"line":586,"column":null}}]},"12":{"loc":{"start":{"line":596,"column":0},"end":{"line":596,"column":null}},"type":"cond-expr","locations":[{"start":{"line":596,"column":0},"end":{"line":596,"column":null}},{"start":{"line":596,"column":0},"end":{"line":596,"column":null}}]},"13":{"loc":{"start":{"line":597,"column":0},"end":{"line":597,"column":null}},"type":"cond-expr","locations":[{"start":{"line":597,"column":0},"end":{"line":597,"column":null}},{"start":{"line":597,"column":0},"end":{"line":597,"column":null}}]},"14":{"loc":{"start":{"line":610,"column":0},"end":{"line":610,"column":null}},"type":"cond-expr","locations":[{"start":{"line":610,"column":0},"end":{"line":610,"column":null}},{"start":{"line":610,"column":0},"end":{"line":610,"column":null}}]},"15":{"loc":{"start":{"line":626,"column":0},"end":{"line":630,"column":null}},"type":"if","locations":[{"start":{"line":626,"column":0},"end":{"line":630,"column":null}},{"start":{"line":626,"column":0},"end":{"line":630,"column":null}}]},"16":{"loc":{"start":{"line":634,"column":0},"end":{"line":637,"column":null}},"type":"if","locations":[{"start":{"line":634,"column":0},"end":{"line":637,"column":null}},{"start":{"line":634,"column":0},"end":{"line":637,"column":null}}]},"17":{"loc":{"start":{"line":634,"column":0},"end":{"line":634,"column":null}},"type":"binary-expr","locations":[{"start":{"line":634,"column":0},"end":{"line":634,"column":null}},{"start":{"line":634,"column":0},"end":{"line":634,"column":null}}]},"18":{"loc":{"start":{"line":643,"column":0},"end":{"line":646,"column":null}},"type":"if","locations":[{"start":{"line":643,"column":0},"end":{"line":646,"column":null}},{"start":{"line":643,"column":0},"end":{"line":646,"column":null}}]},"19":{"loc":{"start":{"line":650,"column":0},"end":{"line":650,"column":null}},"type":"if","locations":[{"start":{"line":650,"column":0},"end":{"line":650,"column":null}},{"start":{"line":650,"column":0},"end":{"line":650,"column":null}}]},"20":{"loc":{"start":{"line":663,"column":0},"end":{"line":673,"column":null}},"type":"if","locations":[{"start":{"line":663,"column":0},"end":{"line":673,"column":null}},{"start":{"line":663,"column":0},"end":{"line":673,"column":null}}]},"21":{"loc":{"start":{"line":664,"column":0},"end":{"line":664,"column":null}},"type":"cond-expr","locations":[{"start":{"line":664,"column":0},"end":{"line":664,"column":null}},{"start":{"line":664,"column":0},"end":{"line":664,"column":null}}]},"22":{"loc":{"start":{"line":667,"column":0},"end":{"line":671,"column":null}},"type":"if","locations":[{"start":{"line":667,"column":0},"end":{"line":671,"column":null}},{"start":{"line":667,"column":0},"end":{"line":671,"column":null}}]},"23":{"loc":{"start":{"line":676,"column":0},"end":{"line":689,"column":null}},"type":"if","locations":[{"start":{"line":676,"column":0},"end":{"line":689,"column":null}},{"start":{"line":676,"column":0},"end":{"line":689,"column":null}}]},"24":{"loc":{"start":{"line":677,"column":0},"end":{"line":677,"column":null}},"type":"cond-expr","locations":[{"start":{"line":677,"column":0},"end":{"line":677,"column":null}},{"start":{"line":677,"column":0},"end":{"line":677,"column":null}}]},"25":{"loc":{"start":{"line":683,"column":0},"end":{"line":687,"column":null}},"type":"if","locations":[{"start":{"line":683,"column":0},"end":{"line":687,"column":null}},{"start":{"line":683,"column":0},"end":{"line":687,"column":null}}]},"26":{"loc":{"start":{"line":692,"column":0},"end":{"line":692,"column":null}},"type":"cond-expr","locations":[{"start":{"line":692,"column":0},"end":{"line":692,"column":null}},{"start":{"line":692,"column":0},"end":{"line":692,"column":null}}]},"27":{"loc":{"start":{"line":697,"column":0},"end":{"line":701,"column":null}},"type":"if","locations":[{"start":{"line":697,"column":0},"end":{"line":701,"column":null}},{"start":{"line":697,"column":0},"end":{"line":701,"column":null}}]},"28":{"loc":{"start":{"line":698,"column":0},"end":{"line":698,"column":null}},"type":"cond-expr","locations":[{"start":{"line":698,"column":0},"end":{"line":698,"column":null}},{"start":{"line":698,"column":0},"end":{"line":698,"column":null}}]},"29":{"loc":{"start":{"line":705,"column":0},"end":{"line":707,"column":null}},"type":"if","locations":[{"start":{"line":705,"column":0},"end":{"line":707,"column":null}},{"start":{"line":705,"column":0},"end":{"line":707,"column":null}}]},"30":{"loc":{"start":{"line":706,"column":0},"end":{"line":706,"column":null}},"type":"binary-expr","locations":[{"start":{"line":706,"column":0},"end":{"line":706,"column":null}},{"start":{"line":706,"column":0},"end":{"line":706,"column":null}}]},"31":{"loc":{"start":{"line":711,"column":0},"end":{"line":711,"column":null}},"type":"binary-expr","locations":[{"start":{"line":711,"column":0},"end":{"line":711,"column":null}},{"start":{"line":711,"column":0},"end":{"line":711,"column":null}}]},"32":{"loc":{"start":{"line":715,"column":0},"end":{"line":717,"column":null}},"type":"if","locations":[{"start":{"line":715,"column":0},"end":{"line":717,"column":null}},{"start":{"line":715,"column":0},"end":{"line":717,"column":null}}]},"33":{"loc":{"start":{"line":721,"column":0},"end":{"line":723,"column":null}},"type":"if","locations":[{"start":{"line":721,"column":0},"end":{"line":723,"column":null}},{"start":{"line":721,"column":0},"end":{"line":723,"column":null}}]},"34":{"loc":{"start":{"line":726,"column":0},"end":{"line":730,"column":null}},"type":"if","locations":[{"start":{"line":726,"column":0},"end":{"line":730,"column":null}},{"start":{"line":726,"column":0},"end":{"line":730,"column":null}}]},"35":{"loc":{"start":{"line":735,"column":0},"end":{"line":739,"column":null}},"type":"if","locations":[{"start":{"line":735,"column":0},"end":{"line":739,"column":null}},{"start":{"line":735,"column":0},"end":{"line":739,"column":null}}]}},"s":{"0":0,"1":0,"2":0,"3":0,"4":0,"5":0,"6":0,"7":0,"8":0,"9":0,"10":0,"11":0,"12":0,"13":0,"14":0,"15":0,"16":0,"17":0,"18":0,"19":0,"20":0,"21":0,"22":0,"23":0,"24":0,"25":0,"26":0,"27":0,"28":0,"29":0,"30":0,"31":0,"32":0,"33":0,"34":0,"35":0,"36":0,"37":0,"38":0,"39":0,"40":0,"41":0,"42":0,"43":0,"44":0,"45":0,"46":0,"47":0,"48":0,"49":0,"50":0,"51":0,"52":0,"53":0,"54":0,"55":0,"56":0,"57":0,"58":0,"59":0,"60":0,"61":0,"62":0,"63":0,"64":0,"65":0,"66":0,"67":0,"68":0,"69":0,"70":0,"71":0,"72":0,"73":0,"74":0,"75":0,"76":0,"77":0,"78":0,"79":0,"80":0,"81":0,"82":0,"83":0,"84":0,"85":0,"86":0,"87":0,"88":0,"89":0,"90":0,"91":0,"92":0,"93":0,"94":0,"95":0,"96":0,"97":0,"98":0,"99":0,"100":0,"101":0,"102":0,"103":0,"104":0,"105":0,"106":0,"107":0,"108":0,"109":0,"110":0,"111":0,"112":0,"113":0,"114":0,"115":0,"116":0,"117":0,"118":0,"119":0,"120":0,"121":0,"122":0,"123":0,"124":0,"125":0,"126":0,"127":0,"128":0},"f":{"0":0,"1":0,"2":0,"3":0,"4":0,"5":0,"6":0,"7":0,"8":0,"9":0,"10":0,"11":0,"12":0,"13":0,"14":0,"15":0,"16":0,"17":0,"18":0,"19":0,"20":0,"21":0,"22":0,"23":0,"24":0,"25":0,"26":0,"27":0,"28":0,"29":0,"30":0,"31":0,"32":0,"33":0,"34":0,"35":0,"36":0,"37":0},"b":{"0":[0,0],"1":[0,0],"2":[0,0],"3":[0,0],"4":[0,0],"5":[0,0],"6":[0,0],"7":[0,0],"8":[0,0],"9":[0,0],"10":[0,0],"11":[0,0],"12":[0,0],"13":[0,0],"14":[0,0],"15":[0,0],"16":[0,0],"17":[0,0],"18":[0,0],"19":[0,0],"20":[0,0],"21":[0,0],"22":[0,0],"23":[0,0],"24":[0,0],"25":[0,0],"26":[0,0],"27":[0,0],"28":[0,0],"29":[0,0],"30":[0,0],"31":[0,0],"32":[0,0],"33":[0,0],"34":[0,0],"35":[0,0]}}
,"/app/src/modules/financeiro/components/calendario/vuex/calendarioActions.js": {"path":"/app/src/modules/financeiro/components/calendario/vuex/calendarioActions.js","statementMap":{"0":{"start":{"line":3,"column":40},"end":{"line":8,"column":1}},"1":{"start":{"line":4,"column":2},"end":{"line":7,"column":5}},"2":{"start":{"line":5,"column":4},"end":{"line":5,"column":41}},"3":{"start":{"line":6,"column":4},"end":{"line":6,"column":14}}},"fnMap":{"0":{"name":"(anonymous_0)","decl":{"start":{"line":3,"column":40},"end":{"line":3,"column":41}},"loc":{"start":{"line":3,"column":62},"end":{"line":8,"column":1}},"line":3},"1":{"name":"(anonymous_1)","decl":{"start":{"line":4,"column":21},"end":{"line":4,"column":22}},"loc":{"start":{"line":4,"column":38},"end":{"line":7,"column":3}},"line":4}},"branchMap":{},"s":{"0":0,"1":0,"2":0,"3":0},"f":{"0":0,"1":0},"b":{},"hash":"198785d2c2275721ba502793a06bd4f7a9aa1c9f"}
,"/app/src/modules/financeiro/components/calendario/vuex/calendarioMutations.js": {"path":"/app/src/modules/financeiro/components/calendario/vuex/calendarioMutations.js","statementMap":{"0":{"start":{"line":4,"column":4},"end":{"line":4,"column":33}}},"fnMap":{"0":{"name":"(anonymous_0)","decl":{"start":{"line":3,"column":2},"end":{"line":3,"column":3}},"loc":{"start":{"line":3,"column":36},"end":{"line":5,"column":3}},"line":3}},"branchMap":{},"s":{"0":0},"f":{"0":0},"b":{},"hash":"2fb32332341b025c24bf137421256a9f726a5a3d"}
,"/app/src/modules/financeiro/components/calendario/vuex/calendarioState.js": {"path":"/app/src/modules/financeiro/components/calendario/vuex/calendarioState.js","statementMap":{},"fnMap":{},"branchMap":{},"s":{},"f":{},"b":{},"hash":"9f56b4e951981254f4af9b98cc39f09f20a827a9"}
,"/app/src/modules/financeiro/components/calendario/vuex/index.js": {"path":"/app/src/modules/financeiro/components/calendario/vuex/index.js","statementMap":{},"fnMap":{},"branchMap":{},"s":{},"f":{},"b":{},"hash":"788393fa775f274504ece2fe550c43db734faf64"}
,"/app/src/modules/financeiro/pages/AdicionarConta.vue": {"path":"/app/src/modules/financeiro/pages/AdicionarConta.vue","statementMap":{"0":{"start":{"line":10,"column":0},"end":{"line":10,"column":null}},"1":{"start":{"line":14,"column":0},"end":{"line":14,"column":null}}},"fnMap":{"0":{"name":"(anonymous_1)","decl":{"start":{"line":13,"column":0},"end":{"line":13,"column":null}},"loc":{"start":{"line":13,"column":0},"end":{"line":15,"column":null}}}},"branchMap":{},"s":{"0":0,"1":0},"f":{"0":0},"b":{}}
,"/app/src/modules/financeiro/pages/FinanceiroIndex.vue": {"path":"/app/src/modules/financeiro/pages/FinanceiroIndex.vue","statementMap":{"0":{"start":{"line":52,"column":0},"end":{"line":52,"column":null}},"1":{"start":{"line":53,"column":0},"end":{"line":53,"column":null}},"2":{"start":{"line":54,"column":0},"end":{"line":54,"column":null}},"3":{"start":{"line":55,"column":0},"end":{"line":55,"column":null}},"4":{"start":{"line":59,"column":0},"end":{"line":59,"column":null}}},"fnMap":{"0":{"name":"(anonymous_1)","decl":{"start":{"line":58,"column":0},"end":{"line":58,"column":null}},"loc":{"start":{"line":58,"column":0},"end":{"line":60,"column":null}}}},"branchMap":{},"s":{"0":0,"1":0,"2":0,"3":0,"4":0},"f":{"0":0},"b":{}}
,"/app/src/modules/financeiro/vuex/FinanceiroActions.js": {"path":"/app/src/modules/financeiro/vuex/FinanceiroActions.js","statementMap":{"0":{"start":{"line":4,"column":14},"end":{"line":4,"column":43}},"1":{"start":{"line":6,"column":37},"end":{"line":26,"column":1}},"2":{"start":{"line":7,"column":2},"end":{"line":25,"column":5}},"3":{"start":{"line":8,"column":20},"end":{"line":11,"column":5}},"4":{"start":{"line":13,"column":17},"end":{"line":13,"column":42}},"5":{"start":{"line":15,"column":4},"end":{"line":24,"column":9}},"6":{"start":{"line":18,"column":8},"end":{"line":18,"column":28}},"7":{"start":{"line":19,"column":8},"end":{"line":19,"column":18}},"8":{"start":{"line":22,"column":8},"end":{"line":22,"column":27}},"9":{"start":{"line":23,"column":8},"end":{"line":23,"column":22}},"10":{"start":{"line":28,"column":47},"end":{"line":72,"column":1}},"11":{"start":{"line":32,"column":2},"end":{"line":71,"column":5}},"12":{"start":{"line":33,"column":20},"end":{"line":39,"column":5}},"13":{"start":{"line":57,"column":17},"end":{"line":57,"column":48}},"14":{"start":{"line":59,"column":4},"end":{"line":70,"column":9}},"15":{"start":{"line":62,"column":8},"end":{"line":62,"column":35}},"16":{"start":{"line":63,"column":8},"end":{"line":63,"column":54}},"17":{"start":{"line":64,"column":8},"end":{"line":64,"column":18}},"18":{"start":{"line":67,"column":8},"end":{"line":67,"column":27}},"19":{"start":{"line":68,"column":8},"end":{"line":68,"column":36}},"20":{"start":{"line":69,"column":8},"end":{"line":69,"column":22}},"21":{"start":{"line":74,"column":40},"end":{"line":79,"column":1}},"22":{"start":{"line":75,"column":2},"end":{"line":78,"column":5}},"23":{"start":{"line":76,"column":4},"end":{"line":76,"column":41}},"24":{"start":{"line":77,"column":4},"end":{"line":77,"column":14}},"25":{"start":{"line":81,"column":42},"end":{"line":120,"column":1}},"26":{"start":{"line":82,"column":2},"end":{"line":119,"column":5}},"27":{"start":{"line":83,"column":20},"end":{"line":89,"column":5}},"28":{"start":{"line":92,"column":4},"end":{"line":105,"column":5}},"29":{"start":{"line":93,"column":17},"end":{"line":93,"column":27}},"30":{"start":{"line":94,"column":18},"end":{"line":94,"column":37}},"31":{"start":{"line":95,"column":17},"end":{"line":95,"column":35}},"32":{"start":{"line":97,"column":6},"end":{"line":101,"column":7}},"33":{"start":{"line":98,"column":8},"end":{"line":98,"column":37}},"34":{"start":{"line":100,"column":8},"end":{"line":100,"column":31}},"35":{"start":{"line":102,"column":6},"end":{"line":102,"column":52}},"36":{"start":{"line":104,"column":6},"end":{"line":104,"column":46}},"37":{"start":{"line":107,"column":17},"end":{"line":107,"column":72}},"38":{"start":{"line":108,"column":4},"end":{"line":118,"column":9}},"39":{"start":{"line":111,"column":8},"end":{"line":111,"column":61}},"40":{"start":{"line":112,"column":8},"end":{"line":112,"column":18}},"41":{"start":{"line":115,"column":8},"end":{"line":115,"column":27}},"42":{"start":{"line":116,"column":8},"end":{"line":116,"column":36}},"43":{"start":{"line":117,"column":8},"end":{"line":117,"column":22}}},"fnMap":{"0":{"name":"(anonymous_0)","decl":{"start":{"line":6,"column":37},"end":{"line":6,"column":38}},"loc":{"start":{"line":6,"column":59},"end":{"line":26,"column":1}},"line":6},"1":{"name":"(anonymous_1)","decl":{"start":{"line":7,"column":21},"end":{"line":7,"column":22}},"loc":{"start":{"line":7,"column":48},"end":{"line":25,"column":3}},"line":7},"2":{"name":"(anonymous_2)","decl":{"start":{"line":17,"column":12},"end":{"line":17,"column":13}},"loc":{"start":{"line":17,"column":22},"end":{"line":20,"column":7}},"line":17},"3":{"name":"(anonymous_3)","decl":{"start":{"line":21,"column":13},"end":{"line":21,"column":14}},"loc":{"start":{"line":21,"column":29},"end":{"line":24,"column":7}},"line":21},"4":{"name":"(anonymous_4)","decl":{"start":{"line":28,"column":47},"end":{"line":28,"column":48}},"loc":{"start":{"line":31,"column":5},"end":{"line":72,"column":1}},"line":31},"5":{"name":"(anonymous_5)","decl":{"start":{"line":32,"column":21},"end":{"line":32,"column":22}},"loc":{"start":{"line":32,"column":48},"end":{"line":71,"column":3}},"line":32},"6":{"name":"(anonymous_6)","decl":{"start":{"line":61,"column":12},"end":{"line":61,"column":13}},"loc":{"start":{"line":61,"column":31},"end":{"line":65,"column":7}},"line":61},"7":{"name":"(anonymous_7)","decl":{"start":{"line":66,"column":13},"end":{"line":66,"column":14}},"loc":{"start":{"line":66,"column":29},"end":{"line":70,"column":7}},"line":66},"8":{"name":"(anonymous_8)","decl":{"start":{"line":74,"column":40},"end":{"line":74,"column":41}},"loc":{"start":{"line":74,"column":62},"end":{"line":79,"column":1}},"line":74},"9":{"name":"(anonymous_9)","decl":{"start":{"line":75,"column":21},"end":{"line":75,"column":22}},"loc":{"start":{"line":75,"column":38},"end":{"line":78,"column":3}},"line":75},"10":{"name":"(anonymous_10)","decl":{"start":{"line":81,"column":42},"end":{"line":81,"column":43}},"loc":{"start":{"line":81,"column":69},"end":{"line":120,"column":1}},"line":81},"11":{"name":"(anonymous_11)","decl":{"start":{"line":82,"column":21},"end":{"line":82,"column":22}},"loc":{"start":{"line":82,"column":48},"end":{"line":119,"column":3}},"line":82},"12":{"name":"(anonymous_12)","decl":{"start":{"line":110,"column":12},"end":{"line":110,"column":13}},"loc":{"start":{"line":110,"column":31},"end":{"line":113,"column":7}},"line":110},"13":{"name":"(anonymous_13)","decl":{"start":{"line":114,"column":13},"end":{"line":114,"column":14}},"loc":{"start":{"line":114,"column":29},"end":{"line":118,"column":7}},"line":114}},"branchMap":{"0":{"loc":{"start":{"line":92,"column":4},"end":{"line":105,"column":5}},"type":"if","locations":[{"start":{"line":92,"column":4},"end":{"line":105,"column":5}},{"start":{"line":92,"column":4},"end":{"line":105,"column":5}}],"line":92},"1":{"loc":{"start":{"line":97,"column":6},"end":{"line":101,"column":7}},"type":"if","locations":[{"start":{"line":97,"column":6},"end":{"line":101,"column":7}},{"start":{"line":97,"column":6},"end":{"line":101,"column":7}}],"line":97}},"s":{"0":0,"1":0,"2":0,"3":0,"4":0,"5":0,"6":0,"7":0,"8":0,"9":0,"10":0,"11":0,"12":0,"13":0,"14":0,"15":0,"16":0,"17":0,"18":0,"19":0,"20":0,"21":0,"22":0,"23":0,"24":0,"25":0,"26":0,"27":0,"28":0,"29":0,"30":0,"31":0,"32":0,"33":0,"34":0,"35":0,"36":0,"37":0,"38":0,"39":0,"40":0,"41":0,"42":0,"43":0},"f":{"0":0,"1":0,"2":0,"3":0,"4":0,"5":0,"6":0,"7":0,"8":0,"9":0,"10":0,"11":0,"12":0,"13":0},"b":{"0":[0,0],"1":[0,0]},"hash":"ac7d355167240c95fd876f32fabec59b6c375d87"}
,"/app/src/modules/financeiro/vuex/FinanceiroMutations.js": {"path":"/app/src/modules/financeiro/vuex/FinanceiroMutations.js","statementMap":{"0":{"start":{"line":4,"column":4},"end":{"line":4,"column":33}},"1":{"start":{"line":7,"column":4},"end":{"line":7,"column":33}},"2":{"start":{"line":10,"column":4},"end":{"line":10,"column":35}}},"fnMap":{"0":{"name":"(anonymous_0)","decl":{"start":{"line":3,"column":2},"end":{"line":3,"column":3}},"loc":{"start":{"line":3,"column":36},"end":{"line":5,"column":3}},"line":3},"1":{"name":"(anonymous_1)","decl":{"start":{"line":6,"column":2},"end":{"line":6,"column":3}},"loc":{"start":{"line":6,"column":36},"end":{"line":8,"column":3}},"line":6},"2":{"name":"(anonymous_2)","decl":{"start":{"line":9,"column":2},"end":{"line":9,"column":3}},"loc":{"start":{"line":9,"column":40},"end":{"line":11,"column":3}},"line":9}},"branchMap":{},"s":{"0":0,"1":0,"2":0},"f":{"0":0,"1":0,"2":0},"b":{},"hash":"4f3762df97422cea9fed073d70c433844ae0ce1e"}
,"/app/src/modules/financeiro/vuex/FinanceiroState.js": {"path":"/app/src/modules/financeiro/vuex/FinanceiroState.js","statementMap":{},"fnMap":{},"branchMap":{},"s":{},"f":{},"b":{},"hash":"a420234cf9dae9dd2cde71f3bf06bec427702a8e"}
,"/app/src/modules/financeiro/vuex/index.js": {"path":"/app/src/modules/financeiro/vuex/index.js","statementMap":{},"fnMap":{},"branchMap":{},"s":{},"f":{},"b":{},"hash":"e88513d313a84220e6f8af2fa87352aba1aa9dfa"}
,"/app/src/router/index.js": {"path":"/app/src/router/index.js","statementMap":{"0":{"start":{"line":6,"column":0},"end":{"line":6,"column":18}},"1":{"start":{"line":18,"column":17},"end":{"line":27,"column":4}},"2":{"start":{"line":19,"column":27},"end":{"line":19,"column":41}},"3":{"start":{"line":29,"column":2},"end":{"line":29,"column":15}}},"fnMap":{"0":{"name":"(anonymous_0)","decl":{"start":{"line":17,"column":15},"end":{"line":17,"column":16}},"loc":{"start":{"line":17,"column":54},"end":{"line":30,"column":1}},"line":17},"1":{"name":"(anonymous_1)","decl":{"start":{"line":19,"column":20},"end":{"line":19,"column":21}},"loc":{"start":{"line":19,"column":27},"end":{"line":19,"column":41}},"line":19}},"branchMap":{},"s":{"0":0,"1":0,"2":0,"3":0},"f":{"0":0,"1":0},"b":{},"hash":"2389dacbe1e728a0531aebf6755460427f02ee5a"}
,"/app/src/router/routes.js": {"path":"/app/src/router/routes.js","statementMap":{"0":{"start":{"line":2,"column":15},"end":{"line":38,"column":1}},"1":{"start":{"line":5,"column":21},"end":{"line":5,"column":53}},"2":{"start":{"line":12,"column":10},"end":{"line":12,"column":67}},"3":{"start":{"line":17,"column":10},"end":{"line":17,"column":66}},"4":{"start":{"line":21,"column":25},"end":{"line":21,"column":66}},"5":{"start":{"line":30,"column":10},"end":{"line":30,"column":69}},"6":{"start":{"line":36,"column":21},"end":{"line":36,"column":49}}},"fnMap":{"0":{"name":"(anonymous_0)","decl":{"start":{"line":5,"column":15},"end":{"line":5,"column":16}},"loc":{"start":{"line":5,"column":21},"end":{"line":5,"column":53}},"line":5},"1":{"name":"(anonymous_1)","decl":{"start":{"line":11,"column":19},"end":{"line":11,"column":20}},"loc":{"start":{"line":12,"column":10},"end":{"line":12,"column":67}},"line":12},"2":{"name":"(anonymous_2)","decl":{"start":{"line":16,"column":19},"end":{"line":16,"column":20}},"loc":{"start":{"line":17,"column":10},"end":{"line":17,"column":66}},"line":17},"3":{"name":"(anonymous_3)","decl":{"start":{"line":21,"column":19},"end":{"line":21,"column":20}},"loc":{"start":{"line":21,"column":25},"end":{"line":21,"column":66}},"line":21},"4":{"name":"(anonymous_4)","decl":{"start":{"line":29,"column":19},"end":{"line":29,"column":20}},"loc":{"start":{"line":30,"column":10},"end":{"line":30,"column":69}},"line":30},"5":{"name":"(anonymous_5)","decl":{"start":{"line":36,"column":15},"end":{"line":36,"column":16}},"loc":{"start":{"line":36,"column":21},"end":{"line":36,"column":49}},"line":36}},"branchMap":{},"s":{"0":0,"1":0,"2":0,"3":0,"4":0,"5":0,"6":0},"f":{"0":0,"1":0,"2":0,"3":0,"4":0,"5":0},"b":{},"hash":"23d480788c4ba46af8f3ec3224822664589e2535"}
,"/app/src/store/index.js": {"path":"/app/src/store/index.js","statementMap":{"0":{"start":{"line":9,"column":0},"end":{"line":9,"column":14}},"1":{"start":{"line":11,"column":16},"end":{"line":18,"column":4}},"2":{"start":{"line":19,"column":2},"end":{"line":19,"column":15}}},"fnMap":{"0":{"name":"(anonymous_0)","decl":{"start":{"line":10,"column":15},"end":{"line":10,"column":16}},"loc":{"start":{"line":10,"column":26},"end":{"line":20,"column":1}},"line":10}},"branchMap":{},"s":{"0":0,"1":0,"2":0},"f":{"0":0},"b":{},"hash":"b5da2a1e1e6b5cf74647acf3551c5d263a85d855"}
,"/app/src/store/module-example/actions.js": {"path":"/app/src/store/module-example/actions.js","statementMap":{},"fnMap":{"0":{"name":"someAction","decl":{"start":{"line":1,"column":16},"end":{"line":1,"column":26}},"loc":{"start":{"line":1,"column":43},"end":{"line":2,"column":1}},"line":1}},"branchMap":{},"s":{},"f":{"0":0},"b":{},"hash":"a393387ce9b468f52c59c0364e718b51f242be3d"}
,"/app/src/store/module-example/getters.js": {"path":"/app/src/store/module-example/getters.js","statementMap":{},"fnMap":{"0":{"name":"someGetter","decl":{"start":{"line":1,"column":16},"end":{"line":1,"column":26}},"loc":{"start":{"line":1,"column":41},"end":{"line":2,"column":1}},"line":1}},"branchMap":{},"s":{},"f":{"0":0},"b":{},"hash":"e2d5710a395323f2610f5f0177b1c76c803c0cd7"}
,"/app/src/store/module-example/index.js": {"path":"/app/src/store/module-example/index.js","statementMap":{},"fnMap":{},"branchMap":{},"s":{},"f":{},"b":{},"hash":"7203cd6573d034af58a593acf06a59c8871dea24"}
,"/app/src/store/module-example/mutations.js": {"path":"/app/src/store/module-example/mutations.js","statementMap":{},"fnMap":{"0":{"name":"someMutation","decl":{"start":{"line":1,"column":16},"end":{"line":1,"column":28}},"loc":{"start":{"line":1,"column":43},"end":{"line":2,"column":1}},"line":1}},"branchMap":{},"s":{},"f":{"0":0},"b":{},"hash":"7ee5d84ca7e30212cbe2b691d657ce141791f2f7"}
,"/app/src/store/module-example/state.js": {"path":"/app/src/store/module-example/state.js","statementMap":{"0":{"start":{"line":2,"column":2},"end":{"line":4,"column":3}}},"fnMap":{"0":{"name":"(anonymous_0)","decl":{"start":{"line":1,"column":15},"end":{"line":1,"column":16}},"loc":{"start":{"line":1,"column":27},"end":{"line":5,"column":1}},"line":1}},"branchMap":{},"s":{"0":0},"f":{"0":0},"b":{},"hash":"c1b19e9f5f553d153dbc88dadfeea76ac362b6b1"}
}
