TN:
SF:/app/src/boot/axios.js
FNF:0
FNH:0
DA:4,0
LF:1
LH:0
BRF:0
BRH:0
end_of_record
TN:
SF:/app/src/layouts/MainLayout.vue
FN:50,(anonymous_1)
FNF:1
FNH:0
FNDA:0,(anonymous_1)
DA:51,0
LF:1
LH:0
BRF:0
BRH:0
end_of_record
TN:
SF:/app/src/modules/auth/pages/Login.vue
FN:82,(anonymous_1)
FN:87,(anonymous_2)
FN:97,(anonymous_3)
FN:102,(anonymous_4)
FN:103,(anonymous_5)
FN:110,(anonymous_6)
FN:121,(anonymous_7)
FNF:7
FNH:4
FNDA:1,(anonymous_1)
FNDA:1,(anonymous_2)
FNDA:1,(anonymous_3)
FNDA:0,(anonymous_4)
FNDA:0,(anonymous_5)
FNDA:3,(anonymous_6)
FNDA:0,(anonymous_7)
DA:79,1
DA:83,1
DA:90,1
DA:91,0
DA:97,1
DA:103,0
DA:104,0
DA:105,0
DA:111,3
DA:112,1
DA:114,2
DA:122,0
DA:123,0
LF:13
LH:7
BRDA:90,0,0,0
BRDA:90,0,1,1
BRDA:105,1,0,0
BRDA:105,1,1,0
BRDA:111,2,0,1
BRDA:111,2,1,2
BRDA:111,3,0,3
BRDA:111,3,1,2
BRDA:122,4,0,0
BRDA:122,4,1,0
BRF:10
BRH:5
end_of_record
TN:
SF:/app/src/modules/auth/vuex/AuthActions.js
FN:3,(anonymous_0)
FN:4,(anonymous_1)
FN:7,(anonymous_2)
FN:11,(anonymous_3)
FN:18,(anonymous_4)
FN:19,(anonymous_5)
FN:29,(anonymous_6)
FN:33,(anonymous_7)
FN:40,(anonymous_8)
FN:55,(anonymous_9)
FN:60,(anonymous_10)
FNF:11
FNH:0
FNDA:0,(anonymous_0)
FNDA:0,(anonymous_1)
FNDA:0,(anonymous_2)
FNDA:0,(anonymous_3)
FNDA:0,(anonymous_4)
FNDA:0,(anonymous_5)
FNDA:0,(anonymous_6)
FNDA:0,(anonymous_7)
FNDA:0,(anonymous_8)
FNDA:0,(anonymous_9)
FNDA:0,(anonymous_10)
DA:3,1
DA:4,0
DA:5,0
DA:8,0
DA:9,0
DA:12,0
DA:13,0
DA:14,0
DA:18,1
DA:19,0
DA:20,0
DA:27,0
DA:30,0
DA:31,0
DA:34,0
DA:35,0
DA:36,0
DA:40,1
DA:41,0
DA:42,0
DA:44,0
DA:45,0
DA:46,0
DA:48,0
DA:49,0
DA:51,0
DA:52,0
DA:55,1
DA:56,0
DA:57,0
DA:58,0
DA:60,1
DA:61,0
DA:62,0
DA:63,0
LF:35
LH:5
BRDA:41,0,0,0
BRDA:41,0,1,0
BRDA:45,1,0,0
BRDA:45,1,1,0
BRDA:45,2,0,0
BRDA:45,2,1,0
BRDA:45,2,2,0
BRDA:45,2,3,0
BRDA:48,3,0,0
BRDA:48,3,1,0
BRDA:51,4,0,0
BRDA:51,4,1,0
BRDA:51,5,0,0
BRDA:51,5,1,0
BRDA:51,5,2,0
BRDA:51,5,3,0
BRF:16
BRH:0
end_of_record
TN:
SF:/app/src/modules/auth/vuex/AuthGetters.js
FN:2,(anonymous_0)
FNF:1
FNH:0
FNDA:0,(anonymous_0)
DA:2,1
DA:3,0
DA:5,0
LF:3
LH:1
BRF:0
BRH:0
end_of_record
TN:
SF:/app/src/modules/auth/vuex/AuthMutations.js
FN:3,(anonymous_0)
FN:6,(anonymous_1)
FNF:2
FNH:0
FNDA:0,(anonymous_0)
FNDA:0,(anonymous_1)
DA:4,0
DA:7,0
LF:2
LH:0
BRF:0
BRH:0
end_of_record
TN:
SF:/app/src/modules/auth/vuex/AuthState.js
FNF:0
FNH:0
LF:0
LH:0
BRF:0
BRH:0
end_of_record
TN:
SF:/app/src/modules/auth/vuex/index.js
FNF:0
FNH:0
LF:0
LH:0
BRF:0
BRH:0
end_of_record
TN:
SF:/app/src/modules/editor/pages/Editor.vue
FN:32,(anonymous_1)
FN:54,(anonymous_2)
FN:57,(anonymous_3)
FN:65,(anonymous_4)
FN:79,(anonymous_5)
FNF:5
FNH:0
FNDA:0,(anonymous_1)
FNDA:0,(anonymous_2)
FNDA:0,(anonymous_3)
FNDA:0,(anonymous_4)
FNDA:0,(anonymous_5)
DA:24,0
DA:25,0
DA:26,0
DA:27,0
DA:28,0
DA:33,0
DA:55,0
DA:62,0
DA:63,0
DA:64,0
DA:65,0
DA:75,0
DA:76,0
DA:77,0
DA:78,0
DA:81,0
LF:16
LH:0
BRF:0
BRH:0
end_of_record
TN:
SF:/app/src/modules/financeiro/components/AddEditContas.vue
FN:120,(anonymous_1)
FN:133,(anonymous_2)
FN:137,(anonymous_3)
FN:144,(anonymous_4)
FN:147,(anonymous_5)
FN:150,(anonymous_6)
FN:155,(anonymous_7)
FN:184,(anonymous_8)
FN:194,(anonymous_9)
FN:195,(anonymous_10)
FNF:10
FNH:0
FNDA:0,(anonymous_1)
FNDA:0,(anonymous_2)
FNDA:0,(anonymous_3)
FNDA:0,(anonymous_4)
FNDA:0,(anonymous_5)
FNDA:0,(anonymous_6)
FNDA:0,(anonymous_7)
FNDA:0,(anonymous_8)
FNDA:0,(anonymous_9)
FNDA:0,(anonymous_10)
DA:115,0
DA:116,0
DA:117,0
DA:121,0
DA:134,0
DA:141,0
DA:145,0
DA:148,0
DA:151,0
DA:156,0
DA:157,0
DA:158,0
DA:159,0
DA:163,0
DA:167,0
DA:168,0
DA:170,0
DA:173,0
DA:174,0
DA:176,0
DA:177,0
DA:178,0
DA:180,0
DA:185,0
DA:186,0
DA:187,0
DA:188,0
DA:194,0
DA:195,0
LF:29
LH:0
BRDA:156,0,0,0
BRDA:156,0,1,0
BRDA:167,1,0,0
BRDA:167,1,1,0
BRDA:185,2,0,0
BRDA:185,2,1,0
BRDA:185,3,0,0
BRDA:185,3,1,0
BRF:8
BRH:0
end_of_record
TN:
SF:/app/src/modules/financeiro/components/CategoriaContasAPagar.vue
FN:47,(anonymous_1)
FN:55,(anonymous_2)
FN:57,(anonymous_3)
FN:59,(anonymous_4)
FN:63,(anonymous_5)
FN:70,(anonymous_6)
FN:77,(anonymous_7)
FN:79,(anonymous_8)
FN:83,(anonymous_9)
FN:93,(anonymous_10)
FNF:10
FNH:0
FNDA:0,(anonymous_1)
FNDA:0,(anonymous_2)
FNDA:0,(anonymous_3)
FNDA:0,(anonymous_4)
FNDA:0,(anonymous_5)
FNDA:0,(anonymous_6)
FNDA:0,(anonymous_7)
FNDA:0,(anonymous_8)
FNDA:0,(anonymous_9)
FNDA:0,(anonymous_10)
DA:44,0
DA:48,0
DA:55,0
DA:57,0
DA:59,0
DA:64,0
DA:71,0
DA:80,0
DA:84,0
DA:85,0
DA:94,0
DA:95,0
DA:97,0
DA:98,0
LF:14
LH:0
BRDA:84,0,0,0
BRDA:84,0,1,0
BRDA:94,1,0,0
BRDA:94,1,1,0
BRF:4
BRH:0
end_of_record
TN:
SF:/app/src/modules/financeiro/components/FeedbackFinanceiro.vue
FN:59,(anonymous_1)
FN:64,(anonymous_2)
FNF:2
FNH:0
FNDA:0,(anonymous_1)
FNDA:0,(anonymous_2)
DA:54,0
DA:59,0
DA:66,0
DA:67,0
DA:69,0
DA:70,0
LF:6
LH:0
BRDA:66,0,0,0
BRDA:66,0,1,0
BRF:2
BRH:0
end_of_record
TN:
SF:/app/src/modules/financeiro/components/calendario/Calendario.vue
FN:89,dateJstoUs
FN:105,(anonymous_2)
FN:125,(anonymous_3)
FN:130,(anonymous_4)
FN:135,(anonymous_5)
FNF:5
FNH:0
FNDA:0,dateJstoUs
FNDA:0,(anonymous_2)
FNDA:0,(anonymous_3)
FNDA:0,(anonymous_4)
FNDA:0,(anonymous_5)
DA:42,0
DA:43,0
DA:44,0
DA:45,0
DA:46,0
DA:48,0
DA:90,0
DA:95,0
DA:96,0
DA:98,0
DA:108,0
DA:110,0
DA:111,0
DA:112,0
DA:113,0
DA:114,0
DA:115,0
DA:117,0
DA:118,0
DA:119,0
DA:126,0
DA:131,0
DA:136,0
LF:23
LH:0
BRDA:95,0,0,0
BRDA:95,0,1,0
BRDA:96,1,0,0
BRDA:96,1,1,0
BRDA:110,2,0,0
BRDA:110,2,1,0
BRDA:113,3,0,0
BRDA:113,3,1,0
BRF:8
BRH:0
end_of_record
TN:
SF:/app/src/modules/financeiro/components/calendario/VueTailwindPicker.vue
FN:386,(anonymous_1)
FN:389,(anonymous_2)
FN:397,(anonymous_3)
FN:427,(anonymous_4)
FN:459,(anonymous_5)
FN:464,(anonymous_6)
FN:508,(anonymous_7)
FN:535,(anonymous_8)
FN:549,(anonymous_9)
FN:552,(anonymous_10)
FN:577,(anonymous_11)
FN:579,(anonymous_12)
FN:585,(anonymous_13)
FN:593,(anonymous_14)
FN:595,(anonymous_15)
FN:598,(anonymous_16)
FN:602,(anonymous_17)
FN:609,(anonymous_18)
FN:619,(anonymous_19)
FN:622,(anonymous_20)
FN:625,(anonymous_21)
FN:633,(anonymous_22)
FN:642,(anonymous_23)
FN:649,(anonymous_24)
FN:654,(anonymous_25)
FN:657,(anonymous_26)
FN:662,(anonymous_27)
FN:675,(anonymous_28)
FN:691,(anonymous_29)
FN:696,(anonymous_30)
FN:704,(anonymous_31)
FN:710,(anonymous_32)
FN:713,(anonymous_33)
FN:719,(anonymous_34)
FN:725,(anonymous_35)
FN:734,(anonymous_36)
FN:743,(anonymous_37)
FN:746,(anonymous_38)
FNF:38
FNH:0
FNDA:0,(anonymous_1)
FNDA:0,(anonymous_2)
FNDA:0,(anonymous_3)
FNDA:0,(anonymous_4)
FNDA:0,(anonymous_5)
FNDA:0,(anonymous_6)
FNDA:0,(anonymous_7)
FNDA:0,(anonymous_8)
FNDA:0,(anonymous_9)
FNDA:0,(anonymous_10)
FNDA:0,(anonymous_11)
FNDA:0,(anonymous_12)
FNDA:0,(anonymous_13)
FNDA:0,(anonymous_14)
FNDA:0,(anonymous_15)
FNDA:0,(anonymous_16)
FNDA:0,(anonymous_17)
FNDA:0,(anonymous_18)
FNDA:0,(anonymous_19)
FNDA:0,(anonymous_20)
FNDA:0,(anonymous_21)
FNDA:0,(anonymous_22)
FNDA:0,(anonymous_23)
FNDA:0,(anonymous_24)
FNDA:0,(anonymous_25)
FNDA:0,(anonymous_26)
FNDA:0,(anonymous_27)
FNDA:0,(anonymous_28)
FNDA:0,(anonymous_29)
FNDA:0,(anonymous_30)
FNDA:0,(anonymous_31)
FNDA:0,(anonymous_32)
FNDA:0,(anonymous_33)
FNDA:0,(anonymous_34)
FNDA:0,(anonymous_35)
FNDA:0,(anonymous_36)
FNDA:0,(anonymous_37)
FNDA:0,(anonymous_38)
DA:360,0
DA:361,0
DA:362,0
DA:363,0
DA:364,0
DA:365,0
DA:366,0
DA:367,0
DA:368,0
DA:369,0
DA:370,0
DA:371,0
DA:372,0
DA:373,0
DA:374,0
DA:389,0
DA:390,0
DA:393,0
DA:395,0
DA:396,0
DA:397,0
DA:400,0
DA:402,0
DA:405,0
DA:413,0
DA:414,0
DA:416,0
DA:420,0
DA:424,0
DA:425,0
DA:430,0
DA:431,0
DA:459,0
DA:464,0
DA:508,0
DA:536,0
DA:542,0
DA:545,0
DA:549,0
DA:550,0
DA:552,0
DA:559,0
DA:562,0
DA:563,0
DA:564,0
DA:565,0
DA:578,0
DA:579,0
DA:580,0
DA:586,0
DA:587,0
DA:588,0
DA:589,0
DA:590,0
DA:591,0
DA:593,0
DA:596,0
DA:597,0
DA:598,0
DA:601,0
DA:602,0
DA:603,0
DA:605,0
DA:610,0
DA:611,0
DA:612,0
DA:613,0
DA:614,0
DA:615,0
DA:617,0
DA:620,0
DA:623,0
DA:626,0
DA:627,0
DA:628,0
DA:629,0
DA:631,0
DA:634,0
DA:635,0
DA:636,0
DA:638,0
DA:643,0
DA:644,0
DA:645,0
DA:650,0
DA:655,0
DA:658,0
DA:659,0
DA:660,0
DA:663,0
DA:664,0
DA:667,0
DA:668,0
DA:670,0
DA:672,0
DA:676,0
DA:677,0
DA:683,0
DA:684,0
DA:686,0
DA:688,0
DA:692,0
DA:697,0
DA:698,0
DA:702,0
DA:705,0
DA:706,0
DA:708,0
DA:711,0
DA:714,0
DA:715,0
DA:716,0
DA:720,0
DA:721,0
DA:722,0
DA:726,0
DA:727,0
DA:729,0
DA:731,0
DA:732,0
DA:735,0
DA:736,0
DA:738,0
DA:740,0
DA:741,0
DA:744,0
DA:747,0
LF:127
LH:0
BRDA:396,0,0,0
BRDA:396,0,1,0
BRDA:400,1,0,0
BRDA:400,1,1,0
BRDA:405,2,0,0
BRDA:405,2,1,0
BRDA:413,3,0,0
BRDA:413,3,1,0
BRDA:413,4,0,0
BRDA:413,4,1,0
BRDA:416,5,0,0
BRDA:416,5,1,0
BRDA:416,6,0,0
BRDA:416,6,1,0
BRDA:542,7,0,0
BRDA:542,7,1,0
BRDA:545,8,0,0
BRDA:545,8,1,0
BRDA:552,9,0,0
BRDA:552,9,1,0
BRDA:578,10,0,0
BRDA:578,10,1,0
BRDA:586,11,0,0
BRDA:586,11,1,0
BRDA:596,12,0,0
BRDA:596,12,1,0
BRDA:597,13,0,0
BRDA:597,13,1,0
BRDA:610,14,0,0
BRDA:610,14,1,0
BRDA:626,15,0,0
BRDA:626,15,1,0
BRDA:634,16,0,0
BRDA:634,16,1,0
BRDA:634,17,0,0
BRDA:634,17,1,0
BRDA:643,18,0,0
BRDA:643,18,1,0
BRDA:650,19,0,0
BRDA:650,19,1,0
BRDA:663,20,0,0
BRDA:663,20,1,0
BRDA:664,21,0,0
BRDA:664,21,1,0
BRDA:667,22,0,0
BRDA:667,22,1,0
BRDA:676,23,0,0
BRDA:676,23,1,0
BRDA:677,24,0,0
BRDA:677,24,1,0
BRDA:683,25,0,0
BRDA:683,25,1,0
BRDA:692,26,0,0
BRDA:692,26,1,0
BRDA:697,27,0,0
BRDA:697,27,1,0
BRDA:698,28,0,0
BRDA:698,28,1,0
BRDA:705,29,0,0
BRDA:705,29,1,0
BRDA:706,30,0,0
BRDA:706,30,1,0
BRDA:711,31,0,0
BRDA:711,31,1,0
BRDA:715,32,0,0
BRDA:715,32,1,0
BRDA:721,33,0,0
BRDA:721,33,1,0
BRDA:726,34,0,0
BRDA:726,34,1,0
BRDA:735,35,0,0
BRDA:735,35,1,0
BRF:72
BRH:0
end_of_record
TN:
SF:/app/src/modules/financeiro/components/calendario/vuex/calendarioActions.js
FN:3,(anonymous_0)
FN:4,(anonymous_1)
FNF:2
FNH:0
FNDA:0,(anonymous_0)
FNDA:0,(anonymous_1)
DA:3,0
DA:4,0
DA:5,0
DA:6,0
LF:4
LH:0
BRF:0
BRH:0
end_of_record
TN:
SF:/app/src/modules/financeiro/components/calendario/vuex/calendarioMutations.js
FN:3,(anonymous_0)
FNF:1
FNH:0
FNDA:0,(anonymous_0)
DA:4,0
LF:1
LH:0
BRF:0
BRH:0
end_of_record
TN:
SF:/app/src/modules/financeiro/components/calendario/vuex/calendarioState.js
FNF:0
FNH:0
LF:0
LH:0
BRF:0
BRH:0
end_of_record
TN:
SF:/app/src/modules/financeiro/components/calendario/vuex/index.js
FNF:0
FNH:0
LF:0
LH:0
BRF:0
BRH:0
end_of_record
TN:
SF:/app/src/modules/financeiro/pages/AdicionarConta.vue
FN:13,(anonymous_1)
FNF:1
FNH:0
FNDA:0,(anonymous_1)
DA:10,0
DA:14,0
LF:2
LH:0
BRF:0
BRH:0
end_of_record
TN:
SF:/app/src/modules/financeiro/pages/FinanceiroIndex.vue
FN:58,(anonymous_1)
FNF:1
FNH:0
FNDA:0,(anonymous_1)
DA:52,0
DA:53,0
DA:54,0
DA:55,0
DA:59,0
LF:5
LH:0
BRF:0
BRH:0
end_of_record
TN:
SF:/app/src/modules/financeiro/vuex/FinanceiroActions.js
FN:6,(anonymous_0)
FN:7,(anonymous_1)
FN:17,(anonymous_2)
FN:21,(anonymous_3)
FN:28,(anonymous_4)
FN:32,(anonymous_5)
FN:61,(anonymous_6)
FN:66,(anonymous_7)
FN:74,(anonymous_8)
FN:75,(anonymous_9)
FN:81,(anonymous_10)
FN:82,(anonymous_11)
FN:110,(anonymous_12)
FN:114,(anonymous_13)
FNF:14
FNH:0
FNDA:0,(anonymous_0)
FNDA:0,(anonymous_1)
FNDA:0,(anonymous_2)
FNDA:0,(anonymous_3)
FNDA:0,(anonymous_4)
FNDA:0,(anonymous_5)
FNDA:0,(anonymous_6)
FNDA:0,(anonymous_7)
FNDA:0,(anonymous_8)
FNDA:0,(anonymous_9)
FNDA:0,(anonymous_10)
FNDA:0,(anonymous_11)
FNDA:0,(anonymous_12)
FNDA:0,(anonymous_13)
DA:4,0
DA:6,0
DA:7,0
DA:8,0
DA:13,0
DA:15,0
DA:18,0
DA:19,0
DA:22,0
DA:23,0
DA:28,0
DA:32,0
DA:33,0
DA:57,0
DA:59,0
DA:62,0
DA:63,0
DA:64,0
DA:67,0
DA:68,0
DA:69,0
DA:74,0
DA:75,0
DA:76,0
DA:77,0
DA:81,0
DA:82,0
DA:83,0
DA:92,0
DA:93,0
DA:94,0
DA:95,0
DA:97,0
DA:98,0
DA:100,0
DA:102,0
DA:104,0
DA:107,0
DA:108,0
DA:111,0
DA:112,0
DA:115,0
DA:116,0
DA:117,0
LF:44
LH:0
BRDA:92,0,0,0
BRDA:92,0,1,0
BRDA:97,1,0,0
BRDA:97,1,1,0
BRF:4
BRH:0
end_of_record
TN:
SF:/app/src/modules/financeiro/vuex/FinanceiroMutations.js
FN:3,(anonymous_0)
FN:6,(anonymous_1)
FN:9,(anonymous_2)
FNF:3
FNH:0
FNDA:0,(anonymous_0)
FNDA:0,(anonymous_1)
FNDA:0,(anonymous_2)
DA:4,0
DA:7,0
DA:10,0
LF:3
LH:0
BRF:0
BRH:0
end_of_record
TN:
SF:/app/src/modules/financeiro/vuex/FinanceiroState.js
FNF:0
FNH:0
LF:0
LH:0
BRF:0
BRH:0
end_of_record
TN:
SF:/app/src/modules/financeiro/vuex/index.js
FNF:0
FNH:0
LF:0
LH:0
BRF:0
BRH:0
end_of_record
TN:
SF:/app/src/router/index.js
FN:17,(anonymous_0)
FN:19,(anonymous_1)
FNF:2
FNH:0
FNDA:0,(anonymous_0)
FNDA:0,(anonymous_1)
DA:6,0
DA:18,0
DA:19,0
DA:29,0
LF:4
LH:0
BRF:0
BRH:0
end_of_record
TN:
SF:/app/src/router/routes.js
FN:5,(anonymous_0)
FN:11,(anonymous_1)
FN:16,(anonymous_2)
FN:21,(anonymous_3)
FN:29,(anonymous_4)
FN:36,(anonymous_5)
FNF:6
FNH:0
FNDA:0,(anonymous_0)
FNDA:0,(anonymous_1)
FNDA:0,(anonymous_2)
FNDA:0,(anonymous_3)
FNDA:0,(anonymous_4)
FNDA:0,(anonymous_5)
DA:2,0
DA:5,0
DA:12,0
DA:17,0
DA:21,0
DA:30,0
DA:36,0
LF:7
LH:0
BRF:0
BRH:0
end_of_record
TN:
SF:/app/src/store/index.js
FN:10,(anonymous_0)
FNF:1
FNH:0
FNDA:0,(anonymous_0)
DA:9,0
DA:11,0
DA:19,0
LF:3
LH:0
BRF:0
BRH:0
end_of_record
TN:
SF:/app/src/store/module-example/actions.js
FN:1,someAction
FNF:1
FNH:0
FNDA:0,someAction
LF:0
LH:0
BRF:0
BRH:0
end_of_record
TN:
SF:/app/src/store/module-example/getters.js
FN:1,someGetter
FNF:1
FNH:0
FNDA:0,someGetter
LF:0
LH:0
BRF:0
BRH:0
end_of_record
TN:
SF:/app/src/store/module-example/index.js
FNF:0
FNH:0
LF:0
LH:0
BRF:0
BRH:0
end_of_record
TN:
SF:/app/src/store/module-example/mutations.js
FN:1,someMutation
FNF:1
FNH:0
FNDA:0,someMutation
LF:0
LH:0
BRF:0
BRH:0
end_of_record
TN:
SF:/app/src/store/module-example/state.js
FN:1,(anonymous_0)
FNF:1
FNH:0
FNDA:0,(anonymous_0)
DA:2,0
LF:1
LH:0
BRF:0
BRH:0
end_of_record
