{"/home/alvitre/Programação/Estudos/intellect/quasar/src/boot/axios.js": {"path":"/home/alvitre/Programação/Estudos/intellect/quasar/src/boot/axios.js","statementMap":{"0":{"start":{"line":4,"column":0},"end":{"line":4,"column":28}}},"fnMap":{},"branchMap":{},"s":{"0":0},"f":{},"b":{},"hash":"c674ff7ab22f51b5a57542a6276c37b71b5f5eeb"}
,"/home/alvitre/Programação/Estudos/intellect/quasar/src/layouts/MainLayout.vue": {"path":"/home/alvitre/Programação/Estudos/intellect/quasar/src/layouts/MainLayout.vue","statementMap":{"0":{"start":{"line":51,"column":0},"end":{"line":51,"column":null}}},"fnMap":{"0":{"name":"(anonymous_1)","decl":{"start":{"line":50,"column":0},"end":{"line":50,"column":null}},"loc":{"start":{"line":50,"column":0},"end":{"line":54,"column":null}}}},"branchMap":{},"s":{"0":0},"f":{"0":0},"b":{}}
,"/home/alvitre/Programação/Estudos/intellect/quasar/src/modules/auth/pages/Login.vue": {"path":"/home/alvitre/Programação/Estudos/intellect/quasar/src/modules/auth/pages/Login.vue","statementMap":{"0":{"start":{"line":69,"column":0},"end":{"line":69,"column":null}},"1":{"start":{"line":73,"column":0},"end":{"line":73,"column":null}},"2":{"start":{"line":78,"column":0},"end":{"line":78,"column":null}},"3":{"start":{"line":79,"column":0},"end":{"line":79,"column":null}},"4":{"start":{"line":84,"column":0},"end":{"line":84,"column":null}},"5":{"start":{"line":90,"column":0},"end":{"line":90,"column":null}},"6":{"start":{"line":99,"column":0},"end":{"line":101,"column":null}},"7":{"start":{"line":100,"column":0},"end":{"line":100,"column":null}}},"fnMap":{"0":{"name":"(anonymous_1)","decl":{"start":{"line":72,"column":0},"end":{"line":72,"column":null}},"loc":{"start":{"line":72,"column":0},"end":{"line":76,"column":null}}},"1":{"name":"(anonymous_2)","decl":{"start":{"line":77,"column":0},"end":{"line":77,"column":null}},"loc":{"start":{"line":77,"column":0},"end":{"line":80,"column":null}}},"2":{"name":"(anonymous_3)","decl":{"start":{"line":84,"column":0},"end":{"line":84,"column":null}},"loc":{"start":{"line":84,"column":0},"end":{"line":84,"column":null}}},"3":{"name":"(anonymous_4)","decl":{"start":{"line":89,"column":0},"end":{"line":89,"column":null}},"loc":{"start":{"line":89,"column":0},"end":{"line":93,"column":null}}},"4":{"name":"(anonymous_5)","decl":{"start":{"line":98,"column":0},"end":{"line":98,"column":null}},"loc":{"start":{"line":98,"column":0},"end":{"line":102,"column":null}}}},"branchMap":{"0":{"loc":{"start":{"line":99,"column":0},"end":{"line":101,"column":null}},"type":"if","locations":[{"start":{"line":99,"column":0},"end":{"line":101,"column":null}},{"start":{"line":99,"column":0},"end":{"line":101,"column":null}}]}},"s":{"0":0,"1":0,"2":0,"3":0,"4":0,"5":0,"6":0,"7":0},"f":{"0":0,"1":0,"2":0,"3":0,"4":0},"b":{"0":[0,0]}}
,"/home/alvitre/Programação/Estudos/intellect/quasar/src/modules/auth/vuex/AuthActions.js": {"path":"/home/alvitre/Programação/Estudos/intellect/quasar/src/modules/auth/vuex/AuthActions.js","statementMap":{"0":{"start":{"line":3,"column":28},"end":{"line":16,"column":1}},"1":{"start":{"line":4,"column":2},"end":{"line":15,"column":4}},"2":{"start":{"line":5,"column":4},"end":{"line":14,"column":8}},"3":{"start":{"line":7,"column":8},"end":{"line":7,"column":55}},"4":{"start":{"line":8,"column":8},"end":{"line":8,"column":17}},"5":{"start":{"line":11,"column":8},"end":{"line":11,"column":26}},"6":{"start":{"line":12,"column":8},"end":{"line":12,"column":36}},"7":{"start":{"line":13,"column":8},"end":{"line":13,"column":21}},"8":{"start":{"line":17,"column":23},"end":{"line":37,"column":1}},"9":{"start":{"line":18,"column":2},"end":{"line":36,"column":4}},"10":{"start":{"line":19,"column":20},"end":{"line":25,"column":5}},"11":{"start":{"line":26,"column":4},"end":{"line":35,"column":8}},"12":{"start":{"line":28,"column":8},"end":{"line":28,"column":37}},"13":{"start":{"line":29,"column":8},"end":{"line":29,"column":17}},"14":{"start":{"line":32,"column":8},"end":{"line":32,"column":26}},"15":{"start":{"line":33,"column":8},"end":{"line":33,"column":36}},"16":{"start":{"line":34,"column":8},"end":{"line":34,"column":21}},"17":{"start":{"line":38,"column":32},"end":{"line":52,"column":1}},"18":{"start":{"line":39,"column":2},"end":{"line":41,"column":3}},"19":{"start":{"line":40,"column":4},"end":{"line":40,"column":39}},"20":{"start":{"line":42,"column":14},"end":{"line":42,"column":43}},"21":{"start":{"line":43,"column":2},"end":{"line":45,"column":3}},"22":{"start":{"line":44,"column":4},"end":{"line":44,"column":17}},"23":{"start":{"line":46,"column":2},"end":{"line":48,"column":3}},"24":{"start":{"line":47,"column":4},"end":{"line":47,"column":54}},"25":{"start":{"line":49,"column":2},"end":{"line":51,"column":3}},"26":{"start":{"line":50,"column":4},"end":{"line":50,"column":44}},"27":{"start":{"line":53,"column":30},"end":{"line":57,"column":1}},"28":{"start":{"line":54,"column":2},"end":{"line":54,"column":40}},"29":{"start":{"line":55,"column":2},"end":{"line":55,"column":33}},"30":{"start":{"line":56,"column":2},"end":{"line":56,"column":25}},"31":{"start":{"line":58,"column":22},"end":{"line":62,"column":1}},"32":{"start":{"line":59,"column":2},"end":{"line":59,"column":35}},"33":{"start":{"line":60,"column":2},"end":{"line":60,"column":28}},"34":{"start":{"line":61,"column":2},"end":{"line":61,"column":20}}},"fnMap":{"0":{"name":"(anonymous_0)","decl":{"start":{"line":3,"column":28},"end":{"line":3,"column":29}},"loc":{"start":{"line":3,"column":52},"end":{"line":16,"column":1}},"line":3},"1":{"name":"(anonymous_1)","decl":{"start":{"line":4,"column":21},"end":{"line":4,"column":22}},"loc":{"start":{"line":4,"column":48},"end":{"line":15,"column":3}},"line":4},"2":{"name":"(anonymous_2)","decl":{"start":{"line":6,"column":12},"end":{"line":6,"column":13}},"loc":{"start":{"line":6,"column":32},"end":{"line":9,"column":7}},"line":6},"3":{"name":"(anonymous_3)","decl":{"start":{"line":10,"column":13},"end":{"line":10,"column":14}},"loc":{"start":{"line":10,"column":30},"end":{"line":14,"column":7}},"line":10},"4":{"name":"(anonymous_4)","decl":{"start":{"line":17,"column":23},"end":{"line":17,"column":24}},"loc":{"start":{"line":17,"column":46},"end":{"line":37,"column":1}},"line":17},"5":{"name":"(anonymous_5)","decl":{"start":{"line":18,"column":21},"end":{"line":18,"column":22}},"loc":{"start":{"line":18,"column":48},"end":{"line":36,"column":3}},"line":18},"6":{"name":"(anonymous_6)","decl":{"start":{"line":27,"column":12},"end":{"line":27,"column":13}},"loc":{"start":{"line":27,"column":32},"end":{"line":30,"column":7}},"line":27},"7":{"name":"(anonymous_7)","decl":{"start":{"line":31,"column":13},"end":{"line":31,"column":14}},"loc":{"start":{"line":31,"column":30},"end":{"line":35,"column":7}},"line":31},"8":{"name":"(anonymous_8)","decl":{"start":{"line":38,"column":32},"end":{"line":38,"column":33}},"loc":{"start":{"line":38,"column":57},"end":{"line":52,"column":1}},"line":38},"9":{"name":"(anonymous_9)","decl":{"start":{"line":53,"column":30},"end":{"line":53,"column":31}},"loc":{"start":{"line":53,"column":65},"end":{"line":57,"column":1}},"line":53},"10":{"name":"(anonymous_10)","decl":{"start":{"line":58,"column":22},"end":{"line":58,"column":23}},"loc":{"start":{"line":58,"column":38},"end":{"line":62,"column":1}},"line":58}},"branchMap":{"0":{"loc":{"start":{"line":39,"column":2},"end":{"line":41,"column":3}},"type":"if","locations":[{"start":{"line":39,"column":2},"end":{"line":41,"column":3}},{"start":{"line":39,"column":2},"end":{"line":41,"column":3}}],"line":39},"1":{"loc":{"start":{"line":43,"column":2},"end":{"line":45,"column":3}},"type":"if","locations":[{"start":{"line":43,"column":2},"end":{"line":45,"column":3}},{"start":{"line":43,"column":2},"end":{"line":45,"column":3}}],"line":43},"2":{"loc":{"start":{"line":43,"column":6},"end":{"line":43,"column":73}},"type":"binary-expr","locations":[{"start":{"line":43,"column":6},"end":{"line":43,"column":12}},{"start":{"line":43,"column":16},"end":{"line":43,"column":37}},{"start":{"line":43,"column":41},"end":{"line":43,"column":57}},{"start":{"line":43,"column":61},"end":{"line":43,"column":73}}],"line":43},"3":{"loc":{"start":{"line":46,"column":2},"end":{"line":48,"column":3}},"type":"if","locations":[{"start":{"line":46,"column":2},"end":{"line":48,"column":3}},{"start":{"line":46,"column":2},"end":{"line":48,"column":3}}],"line":46},"4":{"loc":{"start":{"line":49,"column":2},"end":{"line":51,"column":3}},"type":"if","locations":[{"start":{"line":49,"column":2},"end":{"line":51,"column":3}},{"start":{"line":49,"column":2},"end":{"line":51,"column":3}}],"line":49},"5":{"loc":{"start":{"line":49,"column":6},"end":{"line":49,"column":72}},"type":"binary-expr","locations":[{"start":{"line":49,"column":6},"end":{"line":49,"column":11}},{"start":{"line":49,"column":15},"end":{"line":49,"column":36}},{"start":{"line":49,"column":40},"end":{"line":49,"column":52}},{"start":{"line":49,"column":56},"end":{"line":49,"column":72}}],"line":49}},"s":{"0":0,"1":0,"2":0,"3":0,"4":0,"5":0,"6":0,"7":0,"8":0,"9":0,"10":0,"11":0,"12":0,"13":0,"14":0,"15":0,"16":0,"17":0,"18":0,"19":0,"20":0,"21":0,"22":0,"23":0,"24":0,"25":0,"26":0,"27":0,"28":0,"29":0,"30":0,"31":0,"32":0,"33":0,"34":0},"f":{"0":0,"1":0,"2":0,"3":0,"4":0,"5":0,"6":0,"7":0,"8":0,"9":0,"10":0},"b":{"0":[0,0],"1":[0,0],"2":[0,0,0,0],"3":[0,0],"4":[0,0],"5":[0,0,0,0]},"hash":"c0147aa07ecee82c2c604cfae722eab6dce8cdfc"}
,"/home/alvitre/Programação/Estudos/intellect/quasar/src/modules/auth/vuex/AuthGetters.js": {"path":"/home/alvitre/Programação/Estudos/intellect/quasar/src/modules/auth/vuex/AuthGetters.js","statementMap":{"0":{"start":{"line":2,"column":24},"end":{"line":6,"column":1}},"1":{"start":{"line":3,"column":18},"end":{"line":3,"column":47}},"2":{"start":{"line":5,"column":4},"end":{"line":5,"column":16}}},"fnMap":{"0":{"name":"(anonymous_0)","decl":{"start":{"line":2,"column":24},"end":{"line":2,"column":25}},"loc":{"start":{"line":2,"column":30},"end":{"line":6,"column":1}},"line":2}},"branchMap":{},"s":{"0":0,"1":0,"2":0},"f":{"0":0},"b":{},"hash":"3bc7e093c3145645a81da956cd4e56283c55b95a"}
,"/home/alvitre/Programação/Estudos/intellect/quasar/src/modules/auth/vuex/AuthMutations.js": {"path":"/home/alvitre/Programação/Estudos/intellect/quasar/src/modules/auth/vuex/AuthMutations.js","statementMap":{"0":{"start":{"line":4,"column":8},"end":{"line":4,"column":26}},"1":{"start":{"line":7,"column":8},"end":{"line":7,"column":25}}},"fnMap":{"0":{"name":"(anonymous_0)","decl":{"start":{"line":3,"column":4},"end":{"line":3,"column":5}},"loc":{"start":{"line":3,"column":30},"end":{"line":5,"column":5}},"line":3},"1":{"name":"(anonymous_1)","decl":{"start":{"line":6,"column":4},"end":{"line":6,"column":5}},"loc":{"start":{"line":6,"column":22},"end":{"line":8,"column":5}},"line":6}},"branchMap":{},"s":{"0":0,"1":0},"f":{"0":0,"1":0},"b":{},"hash":"de1a1e067795ec3055cb65063b9694846c8fa969"}
,"/home/alvitre/Programação/Estudos/intellect/quasar/src/modules/auth/vuex/AuthState.js": {"path":"/home/alvitre/Programação/Estudos/intellect/quasar/src/modules/auth/vuex/AuthState.js","statementMap":{},"fnMap":{},"branchMap":{},"s":{},"f":{},"b":{},"hash":"8a1e5ca0e9175c3fde0bfff3deb2c647caf5d2da"}
,"/home/alvitre/Programação/Estudos/intellect/quasar/src/modules/auth/vuex/index.js": {"path":"/home/alvitre/Programação/Estudos/intellect/quasar/src/modules/auth/vuex/index.js","statementMap":{},"fnMap":{},"branchMap":{},"s":{},"f":{},"b":{},"hash":"8e7692f23cb529e611946cd21550f38e4a3e07f9"}
,"/home/alvitre/Programação/Estudos/intellect/quasar/src/modules/editor/pages/Editor.vue": {"path":"/home/alvitre/Programação/Estudos/intellect/quasar/src/modules/editor/pages/Editor.vue","statementMap":{"0":{"start":{"line":24,"column":0},"end":{"line":24,"column":null}},"1":{"start":{"line":25,"column":0},"end":{"line":25,"column":null}},"2":{"start":{"line":26,"column":0},"end":{"line":26,"column":null}},"3":{"start":{"line":27,"column":0},"end":{"line":27,"column":null}},"4":{"start":{"line":28,"column":0},"end":{"line":28,"column":null}},"5":{"start":{"line":33,"column":0},"end":{"line":33,"column":null}},"6":{"start":{"line":55,"column":0},"end":{"line":55,"column":null}},"7":{"start":{"line":62,"column":0},"end":{"line":62,"column":null}},"8":{"start":{"line":63,"column":0},"end":{"line":63,"column":null}},"9":{"start":{"line":64,"column":0},"end":{"line":64,"column":null}},"10":{"start":{"line":65,"column":0},"end":{"line":82,"column":null}},"11":{"start":{"line":75,"column":0},"end":{"line":75,"column":null}},"12":{"start":{"line":76,"column":0},"end":{"line":76,"column":null}},"13":{"start":{"line":77,"column":0},"end":{"line":77,"column":null}},"14":{"start":{"line":78,"column":0},"end":{"line":78,"column":null}},"15":{"start":{"line":81,"column":0},"end":{"line":81,"column":null}}},"fnMap":{"0":{"name":"(anonymous_1)","decl":{"start":{"line":32,"column":0},"end":{"line":32,"column":null}},"loc":{"start":{"line":32,"column":0},"end":{"line":46,"column":null}}},"1":{"name":"(anonymous_2)","decl":{"start":{"line":54,"column":0},"end":{"line":54,"column":null}},"loc":{"start":{"line":54,"column":0},"end":{"line":56,"column":null}}},"2":{"name":"(anonymous_3)","decl":{"start":{"line":57,"column":0},"end":{"line":57,"column":null}},"loc":{"start":{"line":57,"column":0},"end":{"line":83,"column":null}}},"3":{"name":"(anonymous_4)","decl":{"start":{"line":65,"column":0},"end":{"line":65,"column":null}},"loc":{"start":{"line":65,"column":0},"end":{"line":79,"column":null}}},"4":{"name":"(anonymous_5)","decl":{"start":{"line":79,"column":0},"end":{"line":79,"column":null}},"loc":{"start":{"line":79,"column":0},"end":{"line":82,"column":null}}}},"branchMap":{},"s":{"0":0,"1":0,"2":0,"3":0,"4":0,"5":0,"6":0,"7":0,"8":0,"9":0,"10":0,"11":0,"12":0,"13":0,"14":0,"15":0},"f":{"0":0,"1":0,"2":0,"3":0,"4":0},"b":{}}
,"/home/alvitre/Programação/Estudos/intellect/quasar/src/modules/financeiro/components/AddEditContas.vue": {"path":"/home/alvitre/Programação/Estudos/intellect/quasar/src/modules/financeiro/components/AddEditContas.vue","statementMap":{"0":{"start":{"line":116,"column":0},"end":{"line":116,"column":null}},"1":{"start":{"line":117,"column":0},"end":{"line":117,"column":null}},"2":{"start":{"line":118,"column":0},"end":{"line":118,"column":null}},"3":{"start":{"line":122,"column":0},"end":{"line":122,"column":null}},"4":{"start":{"line":136,"column":0},"end":{"line":136,"column":null}},"5":{"start":{"line":140,"column":0},"end":{"line":140,"column":null}},"6":{"start":{"line":141,"column":0},"end":{"line":141,"column":null}},"7":{"start":{"line":142,"column":0},"end":{"line":142,"column":null}},"8":{"start":{"line":146,"column":0},"end":{"line":146,"column":null}},"9":{"start":{"line":149,"column":0},"end":{"line":149,"column":null}},"10":{"start":{"line":152,"column":0},"end":{"line":152,"column":null}},"11":{"start":{"line":157,"column":0},"end":{"line":182,"column":null}},"12":{"start":{"line":158,"column":0},"end":{"line":158,"column":null}},"13":{"start":{"line":159,"column":0},"end":{"line":159,"column":null}},"14":{"start":{"line":160,"column":0},"end":{"line":160,"column":null}},"15":{"start":{"line":164,"column":0},"end":{"line":164,"column":null}},"16":{"start":{"line":168,"column":0},"end":{"line":172,"column":null}},"17":{"start":{"line":169,"column":0},"end":{"line":169,"column":null}},"18":{"start":{"line":171,"column":0},"end":{"line":171,"column":null}},"19":{"start":{"line":174,"column":0},"end":{"line":174,"column":null}},"20":{"start":{"line":175,"column":0},"end":{"line":175,"column":null}},"21":{"start":{"line":177,"column":0},"end":{"line":177,"column":null}},"22":{"start":{"line":178,"column":0},"end":{"line":178,"column":null}},"23":{"start":{"line":179,"column":0},"end":{"line":179,"column":null}},"24":{"start":{"line":181,"column":0},"end":{"line":181,"column":null}},"25":{"start":{"line":186,"column":0},"end":{"line":190,"column":null}},"26":{"start":{"line":187,"column":0},"end":{"line":187,"column":null}},"27":{"start":{"line":188,"column":0},"end":{"line":188,"column":null}},"28":{"start":{"line":189,"column":0},"end":{"line":189,"column":null}},"29":{"start":{"line":195,"column":0},"end":{"line":195,"column":null}},"30":{"start":{"line":196,"column":0},"end":{"line":196,"column":null}}},"fnMap":{"0":{"name":"(anonymous_1)","decl":{"start":{"line":121,"column":0},"end":{"line":121,"column":null}},"loc":{"start":{"line":121,"column":0},"end":{"line":132,"column":null}}},"1":{"name":"(anonymous_2)","decl":{"start":{"line":135,"column":0},"end":{"line":135,"column":null}},"loc":{"start":{"line":135,"column":0},"end":{"line":137,"column":null}}},"2":{"name":"(anonymous_3)","decl":{"start":{"line":139,"column":0},"end":{"line":139,"column":null}},"loc":{"start":{"line":139,"column":0},"end":{"line":143,"column":null}}},"3":{"name":"(anonymous_4)","decl":{"start":{"line":145,"column":0},"end":{"line":145,"column":null}},"loc":{"start":{"line":145,"column":0},"end":{"line":147,"column":null}}},"4":{"name":"(anonymous_5)","decl":{"start":{"line":148,"column":0},"end":{"line":148,"column":null}},"loc":{"start":{"line":148,"column":0},"end":{"line":150,"column":null}}},"5":{"name":"(anonymous_6)","decl":{"start":{"line":151,"column":0},"end":{"line":151,"column":null}},"loc":{"start":{"line":151,"column":0},"end":{"line":153,"column":null}}},"6":{"name":"(anonymous_7)","decl":{"start":{"line":156,"column":0},"end":{"line":156,"column":null}},"loc":{"start":{"line":156,"column":0},"end":{"line":183,"column":null}}},"7":{"name":"(anonymous_8)","decl":{"start":{"line":185,"column":0},"end":{"line":185,"column":null}},"loc":{"start":{"line":185,"column":0},"end":{"line":191,"column":null}}},"8":{"name":"(anonymous_9)","decl":{"start":{"line":195,"column":0},"end":{"line":195,"column":null}},"loc":{"start":{"line":195,"column":0},"end":{"line":195,"column":null}}},"9":{"name":"(anonymous_10)","decl":{"start":{"line":196,"column":0},"end":{"line":196,"column":null}},"loc":{"start":{"line":196,"column":0},"end":{"line":196,"column":null}}}},"branchMap":{"0":{"loc":{"start":{"line":157,"column":0},"end":{"line":182,"column":null}},"type":"if","locations":[{"start":{"line":157,"column":0},"end":{"line":182,"column":null}},{"start":{"line":157,"column":0},"end":{"line":182,"column":null}}]},"1":{"loc":{"start":{"line":168,"column":0},"end":{"line":172,"column":null}},"type":"if","locations":[{"start":{"line":168,"column":0},"end":{"line":172,"column":null}},{"start":{"line":168,"column":0},"end":{"line":172,"column":null}}]},"2":{"loc":{"start":{"line":186,"column":0},"end":{"line":190,"column":null}},"type":"if","locations":[{"start":{"line":186,"column":0},"end":{"line":190,"column":null}},{"start":{"line":186,"column":0},"end":{"line":190,"column":null}}]},"3":{"loc":{"start":{"line":186,"column":0},"end":{"line":186,"column":null}},"type":"binary-expr","locations":[{"start":{"line":186,"column":0},"end":{"line":186,"column":null}},{"start":{"line":186,"column":0},"end":{"line":186,"column":null}}]}},"s":{"0":0,"1":0,"2":0,"3":0,"4":0,"5":0,"6":0,"7":0,"8":0,"9":0,"10":0,"11":0,"12":0,"13":0,"14":0,"15":0,"16":0,"17":0,"18":0,"19":0,"20":0,"21":0,"22":0,"23":0,"24":0,"25":0,"26":0,"27":0,"28":0,"29":0,"30":0},"f":{"0":0,"1":0,"2":0,"3":0,"4":0,"5":0,"6":0,"7":0,"8":0,"9":0},"b":{"0":[0,0],"1":[0,0],"2":[0,0],"3":[0,0]}}
,"/home/alvitre/Programação/Estudos/intellect/quasar/src/modules/financeiro/components/Calendario.vue": {"path":"/home/alvitre/Programação/Estudos/intellect/quasar/src/modules/financeiro/components/Calendario.vue","statementMap":{"0":{"start":{"line":28,"column":0},"end":{"line":28,"column":null}},"1":{"start":{"line":37,"column":0},"end":{"line":37,"column":null}},"2":{"start":{"line":40,"column":0},"end":{"line":40,"column":null}},"3":{"start":{"line":47,"column":0},"end":{"line":47,"column":null}},"4":{"start":{"line":76,"column":0},"end":{"line":76,"column":null}},"5":{"start":{"line":77,"column":0},"end":{"line":77,"column":null}},"6":{"start":{"line":78,"column":0},"end":{"line":78,"column":null}},"7":{"start":{"line":79,"column":0},"end":{"line":79,"column":null}},"8":{"start":{"line":82,"column":0},"end":{"line":82,"column":null}},"9":{"start":{"line":84,"column":0},"end":{"line":88,"column":null}},"10":{"start":{"line":85,"column":0},"end":{"line":85,"column":null}},"11":{"start":{"line":87,"column":0},"end":{"line":87,"column":null}},"12":{"start":{"line":90,"column":0},"end":{"line":90,"column":null}},"13":{"start":{"line":92,"column":0},"end":{"line":92,"column":null}},"14":{"start":{"line":93,"column":0},"end":{"line":93,"column":null}}},"fnMap":{"0":{"name":"(anonymous_1)","decl":{"start":{"line":36,"column":0},"end":{"line":36,"column":null}},"loc":{"start":{"line":36,"column":0},"end":{"line":38,"column":null}}},"1":{"name":"(anonymous_2)","decl":{"start":{"line":39,"column":0},"end":{"line":39,"column":null}},"loc":{"start":{"line":39,"column":0},"end":{"line":41,"column":null}}},"2":{"name":"(anonymous_3)","decl":{"start":{"line":46,"column":0},"end":{"line":46,"column":null}},"loc":{"start":{"line":46,"column":0},"end":{"line":67,"column":null}}},"3":{"name":"(anonymous_4)","decl":{"start":{"line":68,"column":0},"end":{"line":68,"column":null}},"loc":{"start":{"line":68,"column":0},"end":{"line":71,"column":null}}},"4":{"name":"(anonymous_5)","decl":{"start":{"line":74,"column":0},"end":{"line":74,"column":null}},"loc":{"start":{"line":74,"column":0},"end":{"line":94,"column":null}}}},"branchMap":{"0":{"loc":{"start":{"line":84,"column":0},"end":{"line":88,"column":null}},"type":"if","locations":[{"start":{"line":84,"column":0},"end":{"line":88,"column":null}},{"start":{"line":84,"column":0},"end":{"line":88,"column":null}}]}},"s":{"0":0,"1":0,"2":0,"3":0,"4":0,"5":0,"6":0,"7":0,"8":0,"9":0,"10":0,"11":0,"12":0,"13":0,"14":0},"f":{"0":0,"1":0,"2":0,"3":0,"4":0},"b":{"0":[0,0]}}
,"/home/alvitre/Programação/Estudos/intellect/quasar/src/modules/financeiro/components/CategoriaContasAPagar.vue": {"path":"/home/alvitre/Programação/Estudos/intellect/quasar/src/modules/financeiro/components/CategoriaContasAPagar.vue","statementMap":{"0":{"start":{"line":48,"column":0},"end":{"line":48,"column":null}},"1":{"start":{"line":52,"column":0},"end":{"line":52,"column":null}},"2":{"start":{"line":60,"column":0},"end":{"line":60,"column":null}},"3":{"start":{"line":65,"column":0},"end":{"line":65,"column":null}},"4":{"start":{"line":76,"column":0},"end":{"line":76,"column":null}},"5":{"start":{"line":82,"column":0},"end":{"line":88,"column":null}},"6":{"start":{"line":83,"column":0},"end":{"line":83,"column":null}},"7":{"start":{"line":86,"column":0},"end":{"line":86,"column":null}},"8":{"start":{"line":87,"column":0},"end":{"line":87,"column":null}}},"fnMap":{"0":{"name":"(anonymous_1)","decl":{"start":{"line":51,"column":0},"end":{"line":51,"column":null}},"loc":{"start":{"line":51,"column":0},"end":{"line":57,"column":null}}},"1":{"name":"(anonymous_2)","decl":{"start":{"line":60,"column":0},"end":{"line":60,"column":null}},"loc":{"start":{"line":60,"column":0},"end":{"line":60,"column":null}}},"2":{"name":"(anonymous_3)","decl":{"start":{"line":64,"column":0},"end":{"line":64,"column":null}},"loc":{"start":{"line":64,"column":0},"end":{"line":66,"column":null}}},"3":{"name":"(anonymous_4)","decl":{"start":{"line":75,"column":0},"end":{"line":75,"column":null}},"loc":{"start":{"line":75,"column":0},"end":{"line":77,"column":null}}},"4":{"name":"(anonymous_5)","decl":{"start":{"line":80,"column":0},"end":{"line":80,"column":null}},"loc":{"start":{"line":80,"column":0},"end":{"line":91,"column":null}}}},"branchMap":{"0":{"loc":{"start":{"line":82,"column":0},"end":{"line":88,"column":null}},"type":"if","locations":[{"start":{"line":82,"column":0},"end":{"line":88,"column":null}},{"start":{"line":82,"column":0},"end":{"line":88,"column":null}}]}},"s":{"0":0,"1":0,"2":0,"3":0,"4":0,"5":0,"6":0,"7":0,"8":0},"f":{"0":0,"1":0,"2":0,"3":0,"4":0},"b":{"0":[0,0]}}
,"/home/alvitre/Programação/Estudos/intellect/quasar/src/modules/financeiro/pages/AdicionarConta.vue": {"path":"/home/alvitre/Programação/Estudos/intellect/quasar/src/modules/financeiro/pages/AdicionarConta.vue","statementMap":{"0":{"start":{"line":11,"column":0},"end":{"line":11,"column":null}},"1":{"start":{"line":13,"column":0},"end":{"line":13,"column":null}},"2":{"start":{"line":17,"column":0},"end":{"line":17,"column":null}}},"fnMap":{"0":{"name":"(anonymous_1)","decl":{"start":{"line":16,"column":0},"end":{"line":16,"column":null}},"loc":{"start":{"line":16,"column":0},"end":{"line":20,"column":null}}}},"branchMap":{},"s":{"0":0,"1":0,"2":0},"f":{"0":0},"b":{}}
,"/home/alvitre/Programação/Estudos/intellect/quasar/src/modules/financeiro/pages/FinanceiroIndex.vue": {"path":"/home/alvitre/Programação/Estudos/intellect/quasar/src/modules/financeiro/pages/FinanceiroIndex.vue","statementMap":{"0":{"start":{"line":92,"column":0},"end":{"line":92,"column":null}},"1":{"start":{"line":93,"column":0},"end":{"line":93,"column":null}},"2":{"start":{"line":94,"column":0},"end":{"line":94,"column":null}},"3":{"start":{"line":95,"column":0},"end":{"line":95,"column":null}},"4":{"start":{"line":99,"column":0},"end":{"line":99,"column":null}},"5":{"start":{"line":109,"column":0},"end":{"line":109,"column":null}},"6":{"start":{"line":115,"column":0},"end":{"line":120,"column":null}},"7":{"start":{"line":116,"column":0},"end":{"line":116,"column":null}},"8":{"start":{"line":118,"column":0},"end":{"line":118,"column":null}},"9":{"start":{"line":119,"column":0},"end":{"line":119,"column":null}}},"fnMap":{"0":{"name":"(anonymous_1)","decl":{"start":{"line":98,"column":0},"end":{"line":98,"column":null}},"loc":{"start":{"line":98,"column":0},"end":{"line":100,"column":null}}},"1":{"name":"(anonymous_2)","decl":{"start":{"line":109,"column":0},"end":{"line":109,"column":null}},"loc":{"start":{"line":109,"column":0},"end":{"line":109,"column":null}}},"2":{"name":"(anonymous_3)","decl":{"start":{"line":113,"column":0},"end":{"line":113,"column":null}},"loc":{"start":{"line":113,"column":0},"end":{"line":121,"column":null}}}},"branchMap":{"0":{"loc":{"start":{"line":115,"column":0},"end":{"line":120,"column":null}},"type":"if","locations":[{"start":{"line":115,"column":0},"end":{"line":120,"column":null}},{"start":{"line":115,"column":0},"end":{"line":120,"column":null}}]}},"s":{"0":0,"1":0,"2":0,"3":0,"4":0,"5":0,"6":0,"7":0,"8":0,"9":0},"f":{"0":0,"1":0,"2":0},"b":{"0":[0,0]}}
,"/home/alvitre/Programação/Estudos/intellect/quasar/src/modules/financeiro/vuex/FinanceiroActions.js": {"path":"/home/alvitre/Programação/Estudos/intellect/quasar/src/modules/financeiro/vuex/FinanceiroActions.js","statementMap":{"0":{"start":{"line":4,"column":14},"end":{"line":4,"column":43}},"1":{"start":{"line":5,"column":37},"end":{"line":29,"column":1}},"2":{"start":{"line":6,"column":2},"end":{"line":28,"column":5}},"3":{"start":{"line":7,"column":20},"end":{"line":13,"column":5}},"4":{"start":{"line":15,"column":17},"end":{"line":15,"column":32}},"5":{"start":{"line":17,"column":4},"end":{"line":27,"column":9}},"6":{"start":{"line":20,"column":8},"end":{"line":20,"column":52}},"7":{"start":{"line":21,"column":8},"end":{"line":21,"column":18}},"8":{"start":{"line":24,"column":8},"end":{"line":24,"column":27}},"9":{"start":{"line":25,"column":8},"end":{"line":25,"column":36}},"10":{"start":{"line":26,"column":8},"end":{"line":26,"column":22}},"11":{"start":{"line":31,"column":47},"end":{"line":71,"column":1}},"12":{"start":{"line":32,"column":2},"end":{"line":70,"column":5}},"13":{"start":{"line":33,"column":20},"end":{"line":39,"column":5}},"14":{"start":{"line":42,"column":4},"end":{"line":55,"column":5}},"15":{"start":{"line":43,"column":17},"end":{"line":43,"column":27}},"16":{"start":{"line":44,"column":18},"end":{"line":44,"column":37}},"17":{"start":{"line":45,"column":17},"end":{"line":45,"column":35}},"18":{"start":{"line":47,"column":6},"end":{"line":51,"column":7}},"19":{"start":{"line":48,"column":8},"end":{"line":48,"column":37}},"20":{"start":{"line":50,"column":8},"end":{"line":50,"column":31}},"21":{"start":{"line":52,"column":6},"end":{"line":52,"column":52}},"22":{"start":{"line":54,"column":6},"end":{"line":54,"column":46}},"23":{"start":{"line":57,"column":17},"end":{"line":57,"column":49}},"24":{"start":{"line":59,"column":4},"end":{"line":69,"column":9}},"25":{"start":{"line":62,"column":8},"end":{"line":62,"column":54}},"26":{"start":{"line":63,"column":8},"end":{"line":63,"column":18}},"27":{"start":{"line":66,"column":8},"end":{"line":66,"column":27}},"28":{"start":{"line":67,"column":8},"end":{"line":67,"column":36}},"29":{"start":{"line":68,"column":8},"end":{"line":68,"column":22}},"30":{"start":{"line":73,"column":40},"end":{"line":78,"column":1}},"31":{"start":{"line":74,"column":2},"end":{"line":77,"column":5}},"32":{"start":{"line":75,"column":4},"end":{"line":75,"column":41}},"33":{"start":{"line":76,"column":4},"end":{"line":76,"column":14}},"34":{"start":{"line":80,"column":42},"end":{"line":119,"column":1}},"35":{"start":{"line":81,"column":2},"end":{"line":118,"column":5}},"36":{"start":{"line":82,"column":20},"end":{"line":88,"column":5}},"37":{"start":{"line":91,"column":4},"end":{"line":104,"column":5}},"38":{"start":{"line":92,"column":17},"end":{"line":92,"column":27}},"39":{"start":{"line":93,"column":18},"end":{"line":93,"column":37}},"40":{"start":{"line":94,"column":17},"end":{"line":94,"column":35}},"41":{"start":{"line":96,"column":6},"end":{"line":100,"column":7}},"42":{"start":{"line":97,"column":8},"end":{"line":97,"column":37}},"43":{"start":{"line":99,"column":8},"end":{"line":99,"column":31}},"44":{"start":{"line":101,"column":6},"end":{"line":101,"column":52}},"45":{"start":{"line":103,"column":6},"end":{"line":103,"column":46}},"46":{"start":{"line":106,"column":17},"end":{"line":106,"column":72}},"47":{"start":{"line":107,"column":4},"end":{"line":117,"column":9}},"48":{"start":{"line":110,"column":8},"end":{"line":110,"column":61}},"49":{"start":{"line":111,"column":8},"end":{"line":111,"column":18}},"50":{"start":{"line":114,"column":8},"end":{"line":114,"column":27}},"51":{"start":{"line":115,"column":8},"end":{"line":115,"column":36}},"52":{"start":{"line":116,"column":8},"end":{"line":116,"column":22}}},"fnMap":{"0":{"name":"(anonymous_0)","decl":{"start":{"line":5,"column":37},"end":{"line":5,"column":38}},"loc":{"start":{"line":5,"column":62},"end":{"line":29,"column":1}},"line":5},"1":{"name":"(anonymous_1)","decl":{"start":{"line":6,"column":21},"end":{"line":6,"column":22}},"loc":{"start":{"line":6,"column":48},"end":{"line":28,"column":3}},"line":6},"2":{"name":"(anonymous_2)","decl":{"start":{"line":19,"column":12},"end":{"line":19,"column":13}},"loc":{"start":{"line":19,"column":23},"end":{"line":22,"column":7}},"line":19},"3":{"name":"(anonymous_3)","decl":{"start":{"line":23,"column":13},"end":{"line":23,"column":14}},"loc":{"start":{"line":23,"column":29},"end":{"line":27,"column":7}},"line":23},"4":{"name":"(anonymous_4)","decl":{"start":{"line":31,"column":47},"end":{"line":31,"column":48}},"loc":{"start":{"line":31,"column":70},"end":{"line":71,"column":1}},"line":31},"5":{"name":"(anonymous_5)","decl":{"start":{"line":32,"column":21},"end":{"line":32,"column":22}},"loc":{"start":{"line":32,"column":48},"end":{"line":70,"column":3}},"line":32},"6":{"name":"(anonymous_6)","decl":{"start":{"line":61,"column":12},"end":{"line":61,"column":13}},"loc":{"start":{"line":61,"column":31},"end":{"line":64,"column":7}},"line":61},"7":{"name":"(anonymous_7)","decl":{"start":{"line":65,"column":13},"end":{"line":65,"column":14}},"loc":{"start":{"line":65,"column":29},"end":{"line":69,"column":7}},"line":65},"8":{"name":"(anonymous_8)","decl":{"start":{"line":73,"column":40},"end":{"line":73,"column":41}},"loc":{"start":{"line":73,"column":62},"end":{"line":78,"column":1}},"line":73},"9":{"name":"(anonymous_9)","decl":{"start":{"line":74,"column":21},"end":{"line":74,"column":22}},"loc":{"start":{"line":74,"column":38},"end":{"line":77,"column":3}},"line":74},"10":{"name":"(anonymous_10)","decl":{"start":{"line":80,"column":42},"end":{"line":80,"column":43}},"loc":{"start":{"line":80,"column":69},"end":{"line":119,"column":1}},"line":80},"11":{"name":"(anonymous_11)","decl":{"start":{"line":81,"column":21},"end":{"line":81,"column":22}},"loc":{"start":{"line":81,"column":48},"end":{"line":118,"column":3}},"line":81},"12":{"name":"(anonymous_12)","decl":{"start":{"line":109,"column":12},"end":{"line":109,"column":13}},"loc":{"start":{"line":109,"column":31},"end":{"line":112,"column":7}},"line":109},"13":{"name":"(anonymous_13)","decl":{"start":{"line":113,"column":13},"end":{"line":113,"column":14}},"loc":{"start":{"line":113,"column":29},"end":{"line":117,"column":7}},"line":113}},"branchMap":{"0":{"loc":{"start":{"line":42,"column":4},"end":{"line":55,"column":5}},"type":"if","locations":[{"start":{"line":42,"column":4},"end":{"line":55,"column":5}},{"start":{"line":42,"column":4},"end":{"line":55,"column":5}}],"line":42},"1":{"loc":{"start":{"line":47,"column":6},"end":{"line":51,"column":7}},"type":"if","locations":[{"start":{"line":47,"column":6},"end":{"line":51,"column":7}},{"start":{"line":47,"column":6},"end":{"line":51,"column":7}}],"line":47},"2":{"loc":{"start":{"line":91,"column":4},"end":{"line":104,"column":5}},"type":"if","locations":[{"start":{"line":91,"column":4},"end":{"line":104,"column":5}},{"start":{"line":91,"column":4},"end":{"line":104,"column":5}}],"line":91},"3":{"loc":{"start":{"line":96,"column":6},"end":{"line":100,"column":7}},"type":"if","locations":[{"start":{"line":96,"column":6},"end":{"line":100,"column":7}},{"start":{"line":96,"column":6},"end":{"line":100,"column":7}}],"line":96}},"s":{"0":0,"1":0,"2":0,"3":0,"4":0,"5":0,"6":0,"7":0,"8":0,"9":0,"10":0,"11":0,"12":0,"13":0,"14":0,"15":0,"16":0,"17":0,"18":0,"19":0,"20":0,"21":0,"22":0,"23":0,"24":0,"25":0,"26":0,"27":0,"28":0,"29":0,"30":0,"31":0,"32":0,"33":0,"34":0,"35":0,"36":0,"37":0,"38":0,"39":0,"40":0,"41":0,"42":0,"43":0,"44":0,"45":0,"46":0,"47":0,"48":0,"49":0,"50":0,"51":0,"52":0},"f":{"0":0,"1":0,"2":0,"3":0,"4":0,"5":0,"6":0,"7":0,"8":0,"9":0,"10":0,"11":0,"12":0,"13":0},"b":{"0":[0,0],"1":[0,0],"2":[0,0],"3":[0,0]},"hash":"81b6f83e77e70f481dfd77dcb4158aae2a5cbc0e"}
,"/home/alvitre/Programação/Estudos/intellect/quasar/src/modules/financeiro/vuex/FinanceiroMutations.js": {"path":"/home/alvitre/Programação/Estudos/intellect/quasar/src/modules/financeiro/vuex/FinanceiroMutations.js","statementMap":{"0":{"start":{"line":4,"column":4},"end":{"line":4,"column":33}},"1":{"start":{"line":7,"column":4},"end":{"line":7,"column":33}},"2":{"start":{"line":10,"column":4},"end":{"line":10,"column":35}}},"fnMap":{"0":{"name":"(anonymous_0)","decl":{"start":{"line":3,"column":2},"end":{"line":3,"column":3}},"loc":{"start":{"line":3,"column":36},"end":{"line":5,"column":3}},"line":3},"1":{"name":"(anonymous_1)","decl":{"start":{"line":6,"column":2},"end":{"line":6,"column":3}},"loc":{"start":{"line":6,"column":36},"end":{"line":8,"column":3}},"line":6},"2":{"name":"(anonymous_2)","decl":{"start":{"line":9,"column":2},"end":{"line":9,"column":3}},"loc":{"start":{"line":9,"column":40},"end":{"line":11,"column":3}},"line":9}},"branchMap":{},"s":{"0":0,"1":0,"2":0},"f":{"0":0,"1":0,"2":0},"b":{},"hash":"6d0f15294fc10462de89712b37472424f0a63eba"}
,"/home/alvitre/Programação/Estudos/intellect/quasar/src/modules/financeiro/vuex/FinanceiroState.js": {"path":"/home/alvitre/Programação/Estudos/intellect/quasar/src/modules/financeiro/vuex/FinanceiroState.js","statementMap":{},"fnMap":{},"branchMap":{},"s":{},"f":{},"b":{},"hash":"86ef351533d9e59454084523fd7d6292163aa65d"}
,"/home/alvitre/Programação/Estudos/intellect/quasar/src/modules/financeiro/vuex/index.js": {"path":"/home/alvitre/Programação/Estudos/intellect/quasar/src/modules/financeiro/vuex/index.js","statementMap":{},"fnMap":{},"branchMap":{},"s":{},"f":{},"b":{},"hash":"0822a917bb3ed39fb1a1a827bbcad5b608d4b78b"}
,"/home/alvitre/Programação/Estudos/intellect/quasar/src/router/index.js": {"path":"/home/alvitre/Programação/Estudos/intellect/quasar/src/router/index.js","statementMap":{"0":{"start":{"line":6,"column":0},"end":{"line":6,"column":18}},"1":{"start":{"line":18,"column":17},"end":{"line":27,"column":4}},"2":{"start":{"line":19,"column":27},"end":{"line":19,"column":41}},"3":{"start":{"line":29,"column":2},"end":{"line":29,"column":15}}},"fnMap":{"0":{"name":"(anonymous_0)","decl":{"start":{"line":17,"column":15},"end":{"line":17,"column":16}},"loc":{"start":{"line":17,"column":54},"end":{"line":30,"column":1}},"line":17},"1":{"name":"(anonymous_1)","decl":{"start":{"line":19,"column":20},"end":{"line":19,"column":21}},"loc":{"start":{"line":19,"column":27},"end":{"line":19,"column":41}},"line":19}},"branchMap":{},"s":{"0":0,"1":0,"2":0,"3":0},"f":{"0":0,"1":0},"b":{},"hash":"e66da140ea562914d8e1cb0b3626c1d31c9afdb8"}
,"/home/alvitre/Programação/Estudos/intellect/quasar/src/router/routes.js": {"path":"/home/alvitre/Programação/Estudos/intellect/quasar/src/router/routes.js","statementMap":{"0":{"start":{"line":2,"column":15},"end":{"line":17,"column":1}},"1":{"start":{"line":5,"column":21},"end":{"line":5,"column":53}},"2":{"start":{"line":7,"column":35},"end":{"line":7,"column":60}},"3":{"start":{"line":8,"column":45},"end":{"line":8,"column":102}},"4":{"start":{"line":9,"column":40},"end":{"line":9,"column":81}},"5":{"start":{"line":15,"column":21},"end":{"line":15,"column":49}}},"fnMap":{"0":{"name":"(anonymous_0)","decl":{"start":{"line":5,"column":15},"end":{"line":5,"column":16}},"loc":{"start":{"line":5,"column":21},"end":{"line":5,"column":53}},"line":5},"1":{"name":"(anonymous_1)","decl":{"start":{"line":7,"column":29},"end":{"line":7,"column":30}},"loc":{"start":{"line":7,"column":35},"end":{"line":7,"column":60}},"line":7},"2":{"name":"(anonymous_2)","decl":{"start":{"line":8,"column":39},"end":{"line":8,"column":40}},"loc":{"start":{"line":8,"column":45},"end":{"line":8,"column":102}},"line":8},"3":{"name":"(anonymous_3)","decl":{"start":{"line":9,"column":34},"end":{"line":9,"column":35}},"loc":{"start":{"line":9,"column":40},"end":{"line":9,"column":81}},"line":9},"4":{"name":"(anonymous_4)","decl":{"start":{"line":15,"column":15},"end":{"line":15,"column":16}},"loc":{"start":{"line":15,"column":21},"end":{"line":15,"column":49}},"line":15}},"branchMap":{},"s":{"0":0,"1":0,"2":0,"3":0,"4":0,"5":0},"f":{"0":0,"1":0,"2":0,"3":0,"4":0},"b":{},"hash":"b39e12fdab8f6e722543b7cb9e0b36d4025010db"}
,"/home/alvitre/Programação/Estudos/intellect/quasar/src/store/index.js": {"path":"/home/alvitre/Programação/Estudos/intellect/quasar/src/store/index.js","statementMap":{"0":{"start":{"line":7,"column":0},"end":{"line":7,"column":14}},"1":{"start":{"line":9,"column":16},"end":{"line":15,"column":4}},"2":{"start":{"line":16,"column":2},"end":{"line":16,"column":15}}},"fnMap":{"0":{"name":"(anonymous_0)","decl":{"start":{"line":8,"column":15},"end":{"line":8,"column":16}},"loc":{"start":{"line":8,"column":26},"end":{"line":17,"column":1}},"line":8}},"branchMap":{},"s":{"0":0,"1":0,"2":0},"f":{"0":0},"b":{},"hash":"19c8301e52b8fca11507238e12176ea42fabbeb6"}
,"/home/alvitre/Programação/Estudos/intellect/quasar/src/store/module-example/actions.js": {"path":"/home/alvitre/Programação/Estudos/intellect/quasar/src/store/module-example/actions.js","statementMap":{},"fnMap":{"0":{"name":"someAction","decl":{"start":{"line":1,"column":16},"end":{"line":1,"column":26}},"loc":{"start":{"line":1,"column":43},"end":{"line":2,"column":1}},"line":1}},"branchMap":{},"s":{},"f":{"0":0},"b":{},"hash":"4e6956f888b626e48fa25a53ed4118d908f214f4"}
,"/home/alvitre/Programação/Estudos/intellect/quasar/src/store/module-example/getters.js": {"path":"/home/alvitre/Programação/Estudos/intellect/quasar/src/store/module-example/getters.js","statementMap":{},"fnMap":{"0":{"name":"someGetter","decl":{"start":{"line":1,"column":16},"end":{"line":1,"column":26}},"loc":{"start":{"line":1,"column":41},"end":{"line":2,"column":1}},"line":1}},"branchMap":{},"s":{},"f":{"0":0},"b":{},"hash":"061bf75833752931af12f7b9405cffa4420e8a88"}
,"/home/alvitre/Programação/Estudos/intellect/quasar/src/store/module-example/index.js": {"path":"/home/alvitre/Programação/Estudos/intellect/quasar/src/store/module-example/index.js","statementMap":{},"fnMap":{},"branchMap":{},"s":{},"f":{},"b":{},"hash":"7959add6fe76dd45053bf042fd6df7424015ec68"}
,"/home/alvitre/Programação/Estudos/intellect/quasar/src/store/module-example/mutations.js": {"path":"/home/alvitre/Programação/Estudos/intellect/quasar/src/store/module-example/mutations.js","statementMap":{},"fnMap":{"0":{"name":"someMutation","decl":{"start":{"line":1,"column":16},"end":{"line":1,"column":28}},"loc":{"start":{"line":1,"column":43},"end":{"line":2,"column":1}},"line":1}},"branchMap":{},"s":{},"f":{"0":0},"b":{},"hash":"9f16210281008ef1bf5a92104c105c99c81a6bdb"}
,"/home/alvitre/Programação/Estudos/intellect/quasar/src/store/module-example/state.js": {"path":"/home/alvitre/Programação/Estudos/intellect/quasar/src/store/module-example/state.js","statementMap":{"0":{"start":{"line":2,"column":2},"end":{"line":4,"column":3}}},"fnMap":{"0":{"name":"(anonymous_0)","decl":{"start":{"line":1,"column":15},"end":{"line":1,"column":16}},"loc":{"start":{"line":1,"column":27},"end":{"line":5,"column":1}},"line":1}},"branchMap":{},"s":{"0":0},"f":{"0":0},"b":{},"hash":"00f25b176e9582c4e14333f6c12893ba0ce8c9bd"}
}
