TN:
SF:/home/alvitre/Programação/Estudos/intellect/quasar/src/boot/axios.js
FNF:0
FNH:0
DA:4,0
LF:1
LH:0
BRF:0
BRH:0
end_of_record
TN:
SF:/home/alvitre/Programação/Estudos/intellect/quasar/src/layouts/MainLayout.vue
FN:50,(anonymous_1)
FNF:1
FNH:0
FNDA:0,(anonymous_1)
DA:51,0
LF:1
LH:0
BRF:0
BRH:0
end_of_record
TN:
SF:/home/alvitre/Programação/Estudos/intellect/quasar/src/modules/auth/pages/Login.vue
FN:72,(anonymous_1)
FN:77,(anonymous_2)
FN:84,(anonymous_3)
FN:89,(anonymous_4)
FN:98,(anonymous_5)
FNF:5
FNH:0
FNDA:0,(anonymous_1)
FNDA:0,(anonymous_2)
FNDA:0,(anonymous_3)
FNDA:0,(anonymous_4)
FNDA:0,(anonymous_5)
DA:69,0
DA:73,0
DA:78,0
DA:79,0
DA:84,0
DA:90,0
DA:99,0
DA:100,0
LF:8
LH:0
BRDA:99,0,0,0
BRDA:99,0,1,0
BRF:2
BRH:0
end_of_record
TN:
SF:/home/alvitre/Programação/Estudos/intellect/quasar/src/modules/auth/vuex/AuthActions.js
FN:3,(anonymous_0)
FN:4,(anonymous_1)
FN:6,(anonymous_2)
FN:10,(anonymous_3)
FN:17,(anonymous_4)
FN:18,(anonymous_5)
FN:27,(anonymous_6)
FN:31,(anonymous_7)
FN:38,(anonymous_8)
FN:53,(anonymous_9)
FN:58,(anonymous_10)
FNF:11
FNH:0
FNDA:0,(anonymous_0)
FNDA:0,(anonymous_1)
FNDA:0,(anonymous_2)
FNDA:0,(anonymous_3)
FNDA:0,(anonymous_4)
FNDA:0,(anonymous_5)
FNDA:0,(anonymous_6)
FNDA:0,(anonymous_7)
FNDA:0,(anonymous_8)
FNDA:0,(anonymous_9)
FNDA:0,(anonymous_10)
DA:3,0
DA:4,0
DA:5,0
DA:7,0
DA:8,0
DA:11,0
DA:12,0
DA:13,0
DA:17,0
DA:18,0
DA:19,0
DA:26,0
DA:28,0
DA:29,0
DA:32,0
DA:33,0
DA:34,0
DA:38,0
DA:39,0
DA:40,0
DA:42,0
DA:43,0
DA:44,0
DA:46,0
DA:47,0
DA:49,0
DA:50,0
DA:53,0
DA:54,0
DA:55,0
DA:56,0
DA:58,0
DA:59,0
DA:60,0
DA:61,0
LF:35
LH:0
BRDA:39,0,0,0
BRDA:39,0,1,0
BRDA:43,1,0,0
BRDA:43,1,1,0
BRDA:43,2,0,0
BRDA:43,2,1,0
BRDA:43,2,2,0
BRDA:43,2,3,0
BRDA:46,3,0,0
BRDA:46,3,1,0
BRDA:49,4,0,0
BRDA:49,4,1,0
BRDA:49,5,0,0
BRDA:49,5,1,0
BRDA:49,5,2,0
BRDA:49,5,3,0
BRF:16
BRH:0
end_of_record
TN:
SF:/home/alvitre/Programação/Estudos/intellect/quasar/src/modules/auth/vuex/AuthGetters.js
FN:2,(anonymous_0)
FNF:1
FNH:0
FNDA:0,(anonymous_0)
DA:2,0
DA:3,0
DA:5,0
LF:3
LH:0
BRF:0
BRH:0
end_of_record
TN:
SF:/home/alvitre/Programação/Estudos/intellect/quasar/src/modules/auth/vuex/AuthMutations.js
FN:3,(anonymous_0)
FN:6,(anonymous_1)
FNF:2
FNH:0
FNDA:0,(anonymous_0)
FNDA:0,(anonymous_1)
DA:4,0
DA:7,0
LF:2
LH:0
BRF:0
BRH:0
end_of_record
TN:
SF:/home/alvitre/Programação/Estudos/intellect/quasar/src/modules/auth/vuex/AuthState.js
FNF:0
FNH:0
LF:0
LH:0
BRF:0
BRH:0
end_of_record
TN:
SF:/home/alvitre/Programação/Estudos/intellect/quasar/src/modules/auth/vuex/index.js
FNF:0
FNH:0
LF:0
LH:0
BRF:0
BRH:0
end_of_record
TN:
SF:/home/alvitre/Programação/Estudos/intellect/quasar/src/modules/editor/pages/Editor.vue
FN:32,(anonymous_1)
FN:54,(anonymous_2)
FN:57,(anonymous_3)
FN:65,(anonymous_4)
FN:79,(anonymous_5)
FNF:5
FNH:0
FNDA:0,(anonymous_1)
FNDA:0,(anonymous_2)
FNDA:0,(anonymous_3)
FNDA:0,(anonymous_4)
FNDA:0,(anonymous_5)
DA:24,0
DA:25,0
DA:26,0
DA:27,0
DA:28,0
DA:33,0
DA:55,0
DA:62,0
DA:63,0
DA:64,0
DA:65,0
DA:75,0
DA:76,0
DA:77,0
DA:78,0
DA:81,0
LF:16
LH:0
BRF:0
BRH:0
end_of_record
TN:
SF:/home/alvitre/Programação/Estudos/intellect/quasar/src/modules/financeiro/components/AddEditContas.vue
FN:121,(anonymous_1)
FN:135,(anonymous_2)
FN:139,(anonymous_3)
FN:145,(anonymous_4)
FN:148,(anonymous_5)
FN:151,(anonymous_6)
FN:156,(anonymous_7)
FN:185,(anonymous_8)
FN:195,(anonymous_9)
FN:196,(anonymous_10)
FNF:10
FNH:0
FNDA:0,(anonymous_1)
FNDA:0,(anonymous_2)
FNDA:0,(anonymous_3)
FNDA:0,(anonymous_4)
FNDA:0,(anonymous_5)
FNDA:0,(anonymous_6)
FNDA:0,(anonymous_7)
FNDA:0,(anonymous_8)
FNDA:0,(anonymous_9)
FNDA:0,(anonymous_10)
DA:116,0
DA:117,0
DA:118,0
DA:122,0
DA:136,0
DA:140,0
DA:141,0
DA:142,0
DA:146,0
DA:149,0
DA:152,0
DA:157,0
DA:158,0
DA:159,0
DA:160,0
DA:164,0
DA:168,0
DA:169,0
DA:171,0
DA:174,0
DA:175,0
DA:177,0
DA:178,0
DA:179,0
DA:181,0
DA:186,0
DA:187,0
DA:188,0
DA:189,0
DA:195,0
DA:196,0
LF:31
LH:0
BRDA:157,0,0,0
BRDA:157,0,1,0
BRDA:168,1,0,0
BRDA:168,1,1,0
BRDA:186,2,0,0
BRDA:186,2,1,0
BRDA:186,3,0,0
BRDA:186,3,1,0
BRF:8
BRH:0
end_of_record
TN:
SF:/home/alvitre/Programação/Estudos/intellect/quasar/src/modules/financeiro/components/Calendario.vue
FN:36,(anonymous_1)
FN:39,(anonymous_2)
FN:46,(anonymous_3)
FN:68,(anonymous_4)
FN:74,(anonymous_5)
FNF:5
FNH:0
FNDA:0,(anonymous_1)
FNDA:0,(anonymous_2)
FNDA:0,(anonymous_3)
FNDA:0,(anonymous_4)
FNDA:0,(anonymous_5)
DA:28,0
DA:37,0
DA:40,0
DA:47,0
DA:76,0
DA:77,0
DA:78,0
DA:79,0
DA:82,0
DA:84,0
DA:85,0
DA:87,0
DA:90,0
DA:92,0
DA:93,0
LF:15
LH:0
BRDA:84,0,0,0
BRDA:84,0,1,0
BRF:2
BRH:0
end_of_record
TN:
SF:/home/alvitre/Programação/Estudos/intellect/quasar/src/modules/financeiro/components/CategoriaContasAPagar.vue
FN:51,(anonymous_1)
FN:60,(anonymous_2)
FN:64,(anonymous_3)
FN:75,(anonymous_4)
FN:80,(anonymous_5)
FNF:5
FNH:0
FNDA:0,(anonymous_1)
FNDA:0,(anonymous_2)
FNDA:0,(anonymous_3)
FNDA:0,(anonymous_4)
FNDA:0,(anonymous_5)
DA:48,0
DA:52,0
DA:60,0
DA:65,0
DA:76,0
DA:82,0
DA:83,0
DA:86,0
DA:87,0
LF:9
LH:0
BRDA:82,0,0,0
BRDA:82,0,1,0
BRF:2
BRH:0
end_of_record
TN:
SF:/home/alvitre/Programação/Estudos/intellect/quasar/src/modules/financeiro/pages/AdicionarConta.vue
FN:16,(anonymous_1)
FNF:1
FNH:0
FNDA:0,(anonymous_1)
DA:11,0
DA:13,0
DA:17,0
LF:3
LH:0
BRF:0
BRH:0
end_of_record
TN:
SF:/home/alvitre/Programação/Estudos/intellect/quasar/src/modules/financeiro/pages/FinanceiroIndex.vue
FN:98,(anonymous_1)
FN:109,(anonymous_2)
FN:113,(anonymous_3)
FNF:3
FNH:0
FNDA:0,(anonymous_1)
FNDA:0,(anonymous_2)
FNDA:0,(anonymous_3)
DA:92,0
DA:93,0
DA:94,0
DA:95,0
DA:99,0
DA:109,0
DA:115,0
DA:116,0
DA:118,0
DA:119,0
LF:10
LH:0
BRDA:115,0,0,0
BRDA:115,0,1,0
BRF:2
BRH:0
end_of_record
TN:
SF:/home/alvitre/Programação/Estudos/intellect/quasar/src/modules/financeiro/vuex/FinanceiroActions.js
FN:5,(anonymous_0)
FN:6,(anonymous_1)
FN:19,(anonymous_2)
FN:23,(anonymous_3)
FN:31,(anonymous_4)
FN:32,(anonymous_5)
FN:61,(anonymous_6)
FN:65,(anonymous_7)
FN:73,(anonymous_8)
FN:74,(anonymous_9)
FN:80,(anonymous_10)
FN:81,(anonymous_11)
FN:109,(anonymous_12)
FN:113,(anonymous_13)
FNF:14
FNH:0
FNDA:0,(anonymous_0)
FNDA:0,(anonymous_1)
FNDA:0,(anonymous_2)
FNDA:0,(anonymous_3)
FNDA:0,(anonymous_4)
FNDA:0,(anonymous_5)
FNDA:0,(anonymous_6)
FNDA:0,(anonymous_7)
FNDA:0,(anonymous_8)
FNDA:0,(anonymous_9)
FNDA:0,(anonymous_10)
FNDA:0,(anonymous_11)
FNDA:0,(anonymous_12)
FNDA:0,(anonymous_13)
DA:4,0
DA:5,0
DA:6,0
DA:7,0
DA:15,0
DA:17,0
DA:20,0
DA:21,0
DA:24,0
DA:25,0
DA:26,0
DA:31,0
DA:32,0
DA:33,0
DA:42,0
DA:43,0
DA:44,0
DA:45,0
DA:47,0
DA:48,0
DA:50,0
DA:52,0
DA:54,0
DA:57,0
DA:59,0
DA:62,0
DA:63,0
DA:66,0
DA:67,0
DA:68,0
DA:73,0
DA:74,0
DA:75,0
DA:76,0
DA:80,0
DA:81,0
DA:82,0
DA:91,0
DA:92,0
DA:93,0
DA:94,0
DA:96,0
DA:97,0
DA:99,0
DA:101,0
DA:103,0
DA:106,0
DA:107,0
DA:110,0
DA:111,0
DA:114,0
DA:115,0
DA:116,0
LF:53
LH:0
BRDA:42,0,0,0
BRDA:42,0,1,0
BRDA:47,1,0,0
BRDA:47,1,1,0
BRDA:91,2,0,0
BRDA:91,2,1,0
BRDA:96,3,0,0
BRDA:96,3,1,0
BRF:8
BRH:0
end_of_record
TN:
SF:/home/alvitre/Programação/Estudos/intellect/quasar/src/modules/financeiro/vuex/FinanceiroMutations.js
FN:3,(anonymous_0)
FN:6,(anonymous_1)
FN:9,(anonymous_2)
FNF:3
FNH:0
FNDA:0,(anonymous_0)
FNDA:0,(anonymous_1)
FNDA:0,(anonymous_2)
DA:4,0
DA:7,0
DA:10,0
LF:3
LH:0
BRF:0
BRH:0
end_of_record
TN:
SF:/home/alvitre/Programação/Estudos/intellect/quasar/src/modules/financeiro/vuex/FinanceiroState.js
FNF:0
FNH:0
LF:0
LH:0
BRF:0
BRH:0
end_of_record
TN:
SF:/home/alvitre/Programação/Estudos/intellect/quasar/src/modules/financeiro/vuex/index.js
FNF:0
FNH:0
LF:0
LH:0
BRF:0
BRH:0
end_of_record
TN:
SF:/home/alvitre/Programação/Estudos/intellect/quasar/src/router/index.js
FN:17,(anonymous_0)
FN:19,(anonymous_1)
FNF:2
FNH:0
FNDA:0,(anonymous_0)
FNDA:0,(anonymous_1)
DA:6,0
DA:18,0
DA:19,0
DA:29,0
LF:4
LH:0
BRF:0
BRH:0
end_of_record
TN:
SF:/home/alvitre/Programação/Estudos/intellect/quasar/src/router/routes.js
FN:5,(anonymous_0)
FN:7,(anonymous_1)
FN:8,(anonymous_2)
FN:9,(anonymous_3)
FN:15,(anonymous_4)
FNF:5
FNH:0
FNDA:0,(anonymous_0)
FNDA:0,(anonymous_1)
FNDA:0,(anonymous_2)
FNDA:0,(anonymous_3)
FNDA:0,(anonymous_4)
DA:2,0
DA:5,0
DA:7,0
DA:8,0
DA:9,0
DA:15,0
LF:6
LH:0
BRF:0
BRH:0
end_of_record
TN:
SF:/home/alvitre/Programação/Estudos/intellect/quasar/src/store/index.js
FN:8,(anonymous_0)
FNF:1
FNH:0
FNDA:0,(anonymous_0)
DA:7,0
DA:9,0
DA:16,0
LF:3
LH:0
BRF:0
BRH:0
end_of_record
TN:
SF:/home/alvitre/Programação/Estudos/intellect/quasar/src/store/module-example/actions.js
FN:1,someAction
FNF:1
FNH:0
FNDA:0,someAction
LF:0
LH:0
BRF:0
BRH:0
end_of_record
TN:
SF:/home/alvitre/Programação/Estudos/intellect/quasar/src/store/module-example/getters.js
FN:1,someGetter
FNF:1
FNH:0
FNDA:0,someGetter
LF:0
LH:0
BRF:0
BRH:0
end_of_record
TN:
SF:/home/alvitre/Programação/Estudos/intellect/quasar/src/store/module-example/index.js
FNF:0
FNH:0
LF:0
LH:0
BRF:0
BRH:0
end_of_record
TN:
SF:/home/alvitre/Programação/Estudos/intellect/quasar/src/store/module-example/mutations.js
FN:1,someMutation
FNF:1
FNH:0
FNDA:0,someMutation
LF:0
LH:0
BRF:0
BRH:0
end_of_record
TN:
SF:/home/alvitre/Programação/Estudos/intellect/quasar/src/store/module-example/state.js
FN:1,(anonymous_0)
FNF:1
FNH:0
FNDA:0,(anonymous_0)
DA:2,0
LF:1
LH:0
BRF:0
BRH:0
end_of_record
